TN:
SF:src/public-path.ts
FN:3,getUrlBase
FN:13,setBotPublicPath
FN:18,getImageLocation
FN:28,setSurvicateUserAttributes
FN:37,setSurvicateCalledValue
FN:41,loadSurvicateScript
FN:56,initSurvicate
FNF:7
FNH:3
FNDA:1,getUrlBase
FNDA:1,setBotPublicPath
FNDA:60,getImageLocation
FNDA:0,setSurvicateUserAttributes
FNDA:0,setSurvicateCalledValue
FNDA:0,loadSurvicateScript
FNDA:0,initSurvicate
DA:1,1
DA:2,1
DA:3,1
DA:4,1
DA:5,1
DA:6,1
DA:7,0
DA:8,1
DA:9,1
DA:10,1
DA:11,1
DA:12,1
DA:13,1
DA:14,1
DA:15,1
DA:16,1
DA:17,1
DA:18,1
DA:19,1
DA:20,1
DA:21,1
DA:22,1
DA:23,1
DA:24,1
DA:25,1
DA:26,1
DA:27,1
DA:28,1
DA:29,0
DA:30,0
DA:31,0
DA:32,0
DA:33,0
DA:34,0
DA:35,1
DA:36,1
DA:37,1
DA:38,0
DA:39,0
DA:40,1
DA:41,1
DA:42,0
DA:43,0
DA:44,0
DA:45,0
DA:46,0
DA:47,0
DA:48,0
DA:49,0
DA:50,0
DA:51,0
DA:52,0
DA:53,0
DA:54,0
DA:55,1
DA:56,1
DA:57,0
DA:58,0
DA:59,0
DA:60,0
DA:61,0
DA:62,0
DA:63,0
DA:64,0
DA:65,0
DA:66,0
DA:67,0
DA:68,0
DA:69,0
DA:70,0
DA:71,0
DA:72,0
DA:73,0
DA:74,0
DA:75,0
DA:76,0
DA:77,0
DA:78,1
DA:79,1
DA:80,1
DA:81,1
DA:82,1
DA:83,1
DA:84,1
DA:85,1
LF:85
LH:42
BRDA:85,0,0,0
BRDA:3,1,0,1
BRDA:7,2,0,0
BRDA:8,3,0,0
BRDA:13,4,0,1
BRDA:18,5,0,60
BRF:6
BRH:3
end_of_record
TN:
SF:src/adapters/smartcharts-champion/index.ts
FN:28,toTGetQuotesResult
FN:88,toTQuoteFromStream
FN:121,toActiveSymbols
FN:154,toTradingTimesMap
FN:212,buildSmartchartsChampionAdapter
FN:223,logger.log
FN:224,logger.warn
FN:235,getQuotes
FN:277,subscribeQuotes
FN:308,unsubscribe
FN:326,unsubscribeQuotes
FN:340,getChartData
FNF:12
FNH:10
FNDA:3,toTGetQuotesResult
FNDA:0,toTQuoteFromStream
FNDA:4,toActiveSymbols
FNDA:4,toTradingTimesMap
FNDA:17,buildSmartchartsChampionAdapter
FNDA:0,logger.log
FNDA:1,logger.warn
FNDA:4,getQuotes
FNDA:5,subscribeQuotes
FNDA:2,unsubscribe
FNDA:2,unsubscribeQuotes
FNDA:5,getChartData
DA:1,1
DA:2,1
DA:3,1
DA:4,1
DA:5,1
DA:6,1
DA:7,1
DA:8,1
DA:9,1
DA:10,1
DA:11,1
DA:12,1
DA:13,1
DA:14,1
DA:15,1
DA:16,1
DA:17,1
DA:18,1
DA:19,1
DA:20,1
DA:21,1
DA:22,1
DA:23,1
DA:24,1
DA:25,1
DA:26,1
DA:27,1
DA:28,1
DA:29,3
DA:30,3
DA:31,3
DA:32,0
DA:33,0
DA:34,3
DA:35,3
DA:36,3
DA:37,3
DA:38,3
DA:39,3
DA:40,1
DA:41,1
DA:42,1
DA:43,3
DA:44,3
DA:45,3
DA:46,3
DA:47,3
DA:48,3
DA:49,1
DA:50,1
DA:51,2
DA:52,2
DA:53,2
DA:54,2
DA:55,2
DA:56,2
DA:57,2
DA:58,2
DA:59,2
DA:60,2
DA:61,2
DA:62,2
DA:63,2
DA:64,0
DA:65,0
DA:66,0
DA:67,0
DA:68,0
DA:69,0
DA:70,0
DA:71,0
DA:72,0
DA:73,0
DA:74,3
DA:75,3
DA:76,3
DA:77,3
DA:78,3
DA:79,3
DA:80,3
DA:81,3
DA:82,3
DA:83,1
DA:84,1
DA:85,1
DA:86,1
DA:87,1
DA:88,1
DA:89,0
DA:90,0
DA:91,0
DA:92,0
DA:93,0
DA:94,0
DA:95,0
DA:96,0
DA:97,0
DA:98,0
DA:99,0
DA:100,0
DA:101,0
DA:102,0
DA:103,0
DA:104,0
DA:105,0
DA:106,0
DA:107,0
DA:108,0
DA:109,0
DA:110,0
DA:111,0
DA:112,0
DA:113,0
DA:114,0
DA:115,0
DA:116,1
DA:117,1
DA:118,1
DA:119,1
DA:120,1
DA:121,1
DA:122,4
DA:123,4
DA:124,4
DA:125,0
DA:126,0
DA:127,4
DA:128,4
DA:129,2
DA:130,2
DA:131,2
DA:132,2
DA:133,2
DA:134,2
DA:135,2
DA:136,2
DA:137,2
DA:138,2
DA:139,2
DA:140,2
DA:141,2
DA:142,2
DA:143,2
DA:144,2
DA:145,2
DA:146,4
DA:147,4
DA:148,1
DA:149,1
DA:150,1
DA:151,1
DA:152,1
DA:153,1
DA:154,1
DA:155,4
DA:156,4
DA:157,4
DA:158,0
DA:159,0
DA:160,4
DA:161,4
DA:162,3
DA:163,3
DA:164,3
DA:165,3
DA:166,3
DA:167,3
DA:168,3
DA:169,3
DA:170,3
DA:171,3
DA:172,3
DA:173,3
DA:174,3
DA:175,3
DA:176,0
DA:177,0
DA:178,0
DA:179,0
DA:180,0
DA:181,0
DA:182,0
DA:183,0
DA:184,0
DA:185,0
DA:186,0
DA:187,0
DA:188,0
DA:189,0
DA:190,0
DA:191,0
DA:192,0
DA:193,0
DA:194,0
DA:195,0
DA:196,0
DA:197,0
DA:198,3
DA:199,4
DA:200,4
DA:201,4
DA:202,1
DA:203,1
DA:204,1
DA:205,1
DA:206,1
DA:207,1
DA:208,1
DA:209,1
DA:210,1
DA:211,1
DA:212,17
DA:213,17
DA:214,17
DA:215,17
DA:216,17
DA:217,17
DA:218,17
DA:219,17
DA:220,17
DA:221,17
DA:222,17
DA:223,17
DA:224,17
DA:225,17
DA:226,17
DA:227,17
DA:228,17
DA:229,17
DA:230,17
DA:231,17
DA:232,17
DA:233,17
DA:234,17
DA:235,17
DA:236,4
DA:237,4
DA:238,4
DA:239,4
DA:240,4
DA:241,4
DA:242,4
DA:243,4
DA:244,4
DA:245,4
DA:246,4
DA:247,2
DA:248,2
DA:249,2
DA:250,2
DA:251,2
DA:252,4
DA:253,4
DA:254,4
DA:255,1
DA:256,1
DA:257,1
DA:258,4
DA:259,4
DA:260,3
DA:261,3
DA:262,4
DA:263,1
DA:264,1
DA:265,1
DA:266,1
DA:267,1
DA:268,1
DA:269,1
DA:270,1
DA:271,1
DA:272,17
DA:273,17
DA:274,17
DA:275,17
DA:276,17
DA:277,17
DA:278,5
DA:279,5
DA:280,5
DA:281,5
DA:282,5
DA:283,5
DA:284,5
DA:285,5
DA:286,5
DA:287,5
DA:288,5
DA:289,4
DA:290,5
DA:291,1
DA:292,1
DA:293,1
DA:294,5
DA:295,5
DA:296,5
DA:297,0
DA:298,0
DA:299,0
DA:300,0
DA:301,0
DA:302,0
DA:303,0
DA:304,0
DA:305,5
DA:306,5
DA:307,5
DA:308,5
DA:309,2
DA:310,2
DA:311,5
DA:312,5
DA:313,5
DA:314,5
DA:315,5
DA:316,5
DA:317,5
DA:318,1
DA:319,1
DA:320,1
DA:321,17
DA:322,17
DA:323,17
DA:324,17
DA:325,17
DA:326,17
DA:327,2
DA:328,2
DA:329,2
DA:330,2
DA:331,1
DA:332,1
DA:333,1
DA:334,1
DA:335,17
DA:336,17
DA:337,17
DA:338,17
DA:339,17
DA:340,17
DA:341,5
DA:342,5
DA:343,5
DA:344,5
DA:345,5
DA:346,5
DA:347,4
DA:348,4
DA:349,4
DA:350,4
DA:351,4
DA:352,5
DA:353,1
DA:354,1
DA:355,1
DA:356,1
DA:357,1
DA:358,1
DA:359,17
DA:360,17
DA:361,17
DA:362,17
DA:363,17
DA:364,1
DA:365,1
DA:366,1
LF:366
LH:293
BRDA:28,0,0,3
BRDA:31,1,0,0
BRDA:36,2,0,0
BRDA:39,3,0,1
BRDA:39,4,0,1
BRDA:42,5,0,3
BRDA:51,6,0,2
BRDA:64,7,0,0
BRDA:53,8,0,2
BRDA:121,9,0,4
BRDA:124,10,0,0
BRDA:128,11,0,2
BRDA:131,12,0,0
BRDA:140,13,0,1
BRDA:140,14,0,1
BRDA:141,15,0,1
BRDA:154,16,0,4
BRDA:157,17,0,0
BRDA:161,18,0,3
BRDA:167,19,0,0
BRDA:168,20,0,0
BRDA:172,21,0,0
BRDA:173,22,0,0
BRDA:176,23,0,0
BRDA:212,24,0,17
BRDA:219,25,0,16
BRDA:223,26,0,1
BRDA:223,27,0,16
BRDA:224,28,0,1
BRDA:224,29,0,16
BRDA:224,30,0,1
BRDA:235,31,0,4
BRDA:241,32,0,2
BRDA:246,33,0,2
BRDA:254,34,0,1
BRDA:260,35,0,3
BRDA:262,36,0,1
BRDA:277,37,0,5
BRDA:288,38,0,4
BRDA:290,39,0,1
BRDA:317,40,0,1
BRDA:308,41,0,2
BRDA:319,42,0,1
BRDA:326,43,0,2
BRDA:330,44,0,1
BRDA:340,45,0,5
BRDA:347,46,0,4
BRDA:352,47,0,1
BRF:48
BRH:37
end_of_record
TN:
SF:src/adapters/smartcharts-champion/services.ts
FN:11,log
FN:33,isApiHelpersInitialized
FN:48,transformTradingTimesData
FN:144,createServices
FN:150,getActiveSymbols
FN:189,getTradingTimes
FNF:6
FNH:5
FNDA:0,log
FNDA:9,isApiHelpersInitialized
FNDA:8,transformTradingTimesData
FNDA:19,createServices
FNDA:6,getActiveSymbols
FNDA:12,getTradingTimes
DA:1,1
DA:2,1
DA:3,1
DA:4,1
DA:5,1
DA:6,1
DA:7,1
DA:8,1
DA:9,1
DA:10,1
DA:11,1
DA:12,1
DA:13,1
DA:14,1
DA:15,1
DA:16,1
DA:17,1
DA:18,1
DA:19,1
DA:20,1
DA:21,1
DA:22,1
DA:23,1
DA:24,1
DA:25,1
DA:26,1
DA:27,1
DA:28,1
DA:29,1
DA:30,1
DA:31,1
DA:32,1
DA:33,9
DA:34,9
DA:35,9
DA:36,9
DA:37,9
DA:38,9
DA:39,5
DA:40,9
DA:41,9
DA:42,1
DA:43,1
DA:44,1
DA:45,1
DA:46,1
DA:47,1
DA:48,8
DA:49,8
DA:50,8
DA:51,8
DA:52,8
DA:53,8
DA:54,13
DA:55,13
DA:56,13
DA:57,13
DA:58,13
DA:59,13
DA:60,13
DA:61,13
DA:62,13
DA:63,13
DA:64,4
DA:65,4
DA:66,4
DA:67,9
DA:68,9
DA:69,8
DA:70,8
DA:71,8
DA:72,9
DA:73,9
DA:74,9
DA:75,9
DA:76,9
DA:77,9
DA:78,9
DA:79,9
DA:80,9
DA:81,9
DA:82,9
DA:83,1
DA:84,1
DA:85,9
DA:86,1
DA:87,1
DA:88,8
DA:89,5
DA:90,5
DA:91,5
DA:92,6
DA:93,3
DA:94,3
DA:95,3
DA:96,3
DA:97,3
DA:98,3
DA:99,1
DA:100,3
DA:101,1
DA:102,1
DA:103,1
DA:104,1
DA:105,3
DA:106,3
DA:107,1
DA:108,3
DA:109,1
DA:110,1
DA:111,1
DA:112,1
DA:113,3
DA:114,3
DA:115,3
DA:116,3
DA:117,3
DA:118,3
DA:119,5
DA:120,7
DA:121,2
DA:122,2
DA:123,2
DA:124,2
DA:125,2
DA:126,2
DA:127,2
DA:128,2
DA:129,2
DA:130,2
DA:131,2
DA:132,2
DA:133,2
DA:134,9
DA:135,8
DA:136,8
DA:137,8
DA:138,8
DA:139,1
DA:140,1
DA:141,1
DA:142,1
DA:143,1
DA:144,19
DA:145,19
DA:146,19
DA:147,19
DA:148,19
DA:149,19
DA:150,19
DA:151,6
DA:152,6
DA:153,6
DA:154,6
DA:155,2
DA:156,2
DA:157,4
DA:158,4
DA:159,4
DA:160,3
DA:161,3
DA:162,6
DA:163,1
DA:164,1
DA:165,1
DA:166,2
DA:167,2
DA:168,6
DA:169,3
DA:170,3
DA:171,3
DA:172,3
DA:173,3
DA:174,3
DA:175,1
DA:176,1
DA:177,3
DA:178,0
DA:179,0
DA:180,2
DA:181,2
DA:182,2
DA:183,19
DA:184,19
DA:185,19
DA:186,19
DA:187,19
DA:188,19
DA:189,19
DA:190,12
DA:191,12
DA:192,12
DA:193,12
DA:194,1
DA:195,1
DA:196,1
DA:197,11
DA:198,12
DA:199,1
DA:200,1
DA:201,1
DA:202,10
DA:203,10
DA:204,9
DA:205,9
DA:206,9
DA:207,9
DA:208,12
DA:209,2
DA:210,2
DA:211,2
DA:212,2
DA:213,2
DA:214,2
DA:215,2
DA:216,2
DA:217,1
DA:218,1
DA:219,1
DA:220,2
DA:221,1
DA:222,1
DA:223,1
DA:224,7
DA:225,7
DA:226,12
DA:227,1
DA:228,1
DA:229,1
DA:230,1
DA:231,19
DA:232,19
DA:233,19
LF:233
LH:231
BRDA:33,0,0,9
BRDA:35,1,0,7
BRDA:36,2,0,5
BRDA:37,3,0,5
BRDA:38,4,0,5
BRDA:48,5,0,8
BRDA:53,6,0,0
BRDA:53,7,0,13
BRDA:56,8,0,12
BRDA:57,9,0,11
BRDA:58,10,0,10
BRDA:59,11,0,10
BRDA:60,12,0,10
BRDA:63,13,0,4
BRDA:67,14,0,9
BRDA:71,15,0,9
BRDA:82,16,0,1
BRDA:85,17,0,8
BRDA:85,18,0,1
BRDA:88,19,0,7
BRDA:88,20,0,5
BRDA:88,21,0,5
BRDA:120,22,0,2
BRDA:128,23,0,0
BRDA:131,24,0,0
BRDA:91,25,0,6
BRDA:92,26,0,5
BRDA:92,27,0,4
BRDA:92,28,0,3
BRDA:98,29,0,1
BRDA:100,30,0,2
BRDA:100,31,0,1
BRDA:106,32,0,1
BRDA:108,33,0,2
BRDA:108,34,0,1
BRDA:144,35,0,19
BRDA:150,36,0,6
BRDA:154,37,0,2
BRDA:157,38,0,4
BRDA:160,39,0,3
BRDA:162,40,0,1
BRDA:166,41,0,2
BRDA:168,42,0,3
BRDA:174,43,0,1
BRDA:174,44,0,1
BRDA:177,45,0,0
BRDA:180,46,0,2
BRDA:189,47,0,12
BRDA:193,48,0,1
BRDA:197,49,0,11
BRDA:198,50,0,1
BRDA:202,51,0,10
BRDA:204,52,0,9
BRDA:208,53,0,7
BRDA:208,54,0,2
BRDA:216,55,0,1
BRDA:216,56,0,1
BRDA:221,57,0,1
BRDA:224,58,0,7
BRDA:226,59,0,1
BRDA:228,60,0,0
BRF:61
BRH:56
end_of_record
TN:
SF:src/adapters/smartcharts-champion/transport.ts
FN:11,log
FN:20,createTransport
FN:27,send
FN:40,subscribe
FN:115,unsubscribe
FN:140,unsubscribeAll
FNF:6
FNH:5
FNDA:0,log
FNDA:13,createTransport
FNDA:3,send
FNDA:5,subscribe
FNDA:1,unsubscribe
FNDA:3,unsubscribeAll
DA:1,1
DA:2,1
DA:3,1
DA:4,1
DA:5,1
DA:6,1
DA:7,1
DA:8,1
DA:9,1
DA:10,1
DA:11,1
DA:12,1
DA:13,1
DA:14,1
DA:15,1
DA:16,1
DA:17,1
DA:18,1
DA:19,1
DA:20,13
DA:21,13
DA:22,13
DA:23,13
DA:24,13
DA:25,13
DA:26,13
DA:27,13
DA:28,3
DA:29,1
DA:30,1
DA:31,3
DA:32,13
DA:33,13
DA:34,13
DA:35,13
DA:36,13
DA:37,13
DA:38,13
DA:39,13
DA:40,13
DA:41,5
DA:42,1
DA:43,1
DA:44,4
DA:45,4
DA:46,4
DA:47,4
DA:48,4
DA:49,4
DA:50,4
DA:51,5
DA:52,1
DA:53,1
DA:54,1
DA:55,1
DA:56,1
DA:57,1
DA:58,1
DA:59,0
DA:60,0
DA:61,0
DA:62,1
DA:63,1
DA:64,1
DA:65,1
DA:66,1
DA:67,1
DA:68,5
DA:69,5
DA:70,5
DA:71,5
DA:72,5
DA:73,5
DA:74,5
DA:75,5
DA:76,5
DA:77,5
DA:78,5
DA:79,5
DA:80,5
DA:81,5
DA:82,3
DA:83,3
DA:84,3
DA:85,3
DA:86,3
DA:87,3
DA:88,3
DA:89,3
DA:90,3
DA:91,3
DA:92,3
DA:93,3
DA:94,3
DA:95,0
DA:96,0
DA:97,5
DA:98,5
DA:99,1
DA:100,1
DA:101,1
DA:102,1
DA:103,1
DA:104,1
DA:105,1
DA:106,5
DA:107,5
DA:108,5
DA:109,13
DA:110,13
DA:111,13
DA:112,13
DA:113,13
DA:114,13
DA:115,13
DA:116,1
DA:117,1
DA:118,1
DA:119,0
DA:120,0
DA:121,0
DA:122,0
DA:123,0
DA:124,0
DA:125,0
DA:126,0
DA:127,0
DA:128,0
DA:129,0
DA:130,0
DA:131,1
DA:132,1
DA:133,1
DA:134,13
DA:135,13
DA:136,13
DA:137,13
DA:138,13
DA:139,13
DA:140,13
DA:141,3
DA:142,2
DA:143,1
DA:144,1
DA:145,1
DA:146,1
DA:147,1
DA:148,2
DA:149,3
DA:150,3
DA:151,3
DA:152,13
DA:153,13
DA:154,13
LF:154
LH:137
BRDA:20,0,0,13
BRDA:27,1,0,3
BRDA:28,2,0,1
BRDA:40,3,0,5
BRDA:41,4,0,1
BRDA:44,5,0,4
BRDA:51,6,0,1
BRDA:58,7,0,0
BRDA:81,8,0,3
BRDA:94,9,0,0
BRDA:98,10,0,1
BRDA:115,11,0,1
BRDA:118,12,0,0
BRDA:140,13,0,3
BRDA:141,14,0,2
BRDA:142,15,0,1
BRF:16
BRH:13
end_of_record
TN:
SF:src/app/i18n.ts
FNF:0
FNH:0
DA:1,1
DA:2,1
DA:3,1
DA:4,1
DA:5,1
DA:6,1
DA:7,1
DA:8,1
DA:9,1
DA:10,1
DA:11,1
DA:12,1
DA:13,1
DA:14,1
DA:15,1
DA:16,1
DA:17,1
DA:18,1
DA:19,1
DA:20,1
DA:21,1
DA:22,1
DA:23,1
DA:24,1
DA:25,1
DA:26,1
DA:27,1
DA:28,1
DA:29,1
DA:30,1
DA:31,1
DA:32,1
DA:33,1
DA:34,1
DA:35,1
DA:36,1
DA:37,1
DA:38,1
DA:39,1
DA:40,1
DA:41,1
DA:42,1
DA:43,1
DA:44,1
DA:45,1
DA:46,1
DA:47,1
DA:48,1
LF:48
LH:48
BRDA:28,0,0,0
BRF:1
BRH:0
end_of_record
TN:
SF:src/app/seed-translations.ts
FN:35,resolveSeedLanguage
FN:61,readStoredCode
FN:70,resolveBootLanguageClamp
FN:76,isOffered
FN:86,applyBootLanguageClamp
FN:110,persistSeedLanguage
FN:119,seedCatalogBundles
FNF:7
FNH:7
FNDA:8,resolveSeedLanguage
FNDA:8,readStoredCode
FNDA:11,resolveBootLanguageClamp
FNDA:15,isOffered
FNDA:7,applyBootLanguageClamp
FNDA:2,persistSeedLanguage
FNDA:5,seedCatalogBundles
DA:1,1
DA:2,1
DA:3,1
DA:4,1
DA:5,1
DA:6,1
DA:7,1
DA:8,1
DA:9,1
DA:10,1
DA:11,1
DA:12,1
DA:13,1
DA:14,1
DA:15,1
DA:16,1
DA:17,1
DA:18,1
DA:19,1
DA:20,1
DA:21,1
DA:22,1
DA:23,1
DA:24,1
DA:25,1
DA:26,1
DA:27,1
DA:28,1
DA:29,1
DA:30,1
DA:31,1
DA:32,1
DA:33,1
DA:34,1
DA:35,1
DA:36,8
DA:37,8
DA:38,8
DA:39,8
DA:40,8
DA:41,8
DA:42,7
DA:43,4
DA:44,8
DA:45,8
DA:46,7
DA:47,7
DA:48,1
DA:49,1
DA:50,1
DA:51,1
DA:52,1
DA:53,1
DA:54,1
DA:55,1
DA:56,1
DA:57,1
DA:58,1
DA:59,1
DA:60,1
DA:61,1
DA:62,8
DA:63,8
DA:64,8
DA:65,1
DA:66,1
DA:67,8
DA:68,1
DA:69,1
DA:70,1
DA:71,11
DA:72,11
DA:73,11
DA:74,11
DA:75,11
DA:76,11
DA:77,11
DA:78,11
DA:79,11
DA:80,11
DA:81,11
DA:82,11
DA:83,11
DA:84,1
DA:85,1
DA:86,1
DA:87,7
DA:88,4
DA:89,4
DA:90,4
DA:91,4
DA:92,4
DA:93,1
DA:94,1
DA:95,4
DA:96,7
DA:97,7
DA:98,4
DA:99,4
DA:100,4
DA:101,1
DA:102,1
DA:103,4
DA:104,7
DA:105,1
DA:106,1
DA:107,1
DA:108,1
DA:109,1
DA:110,1
DA:111,2
DA:112,2
DA:113,2
DA:114,1
DA:115,1
DA:116,2
DA:117,1
DA:118,1
DA:119,1
DA:120,5
DA:121,5
DA:122,5
DA:123,5
DA:124,5
DA:125,1
DA:126,1
DA:127,5
LF:127
LH:127
BRDA:35,0,0,8
BRDA:41,1,0,6
BRDA:41,2,0,3
BRDA:42,3,0,7
BRDA:42,4,0,5
BRDA:42,5,0,1
BRDA:43,6,0,4
BRDA:44,7,0,3
BRDA:45,8,0,7
BRDA:45,9,0,1
BRDA:46,10,0,3
BRDA:46,11,0,1
BRDA:47,12,0,2
BRDA:47,13,0,1
BRDA:61,14,0,8
BRDA:64,15,0,1
BRDA:70,16,0,11
BRDA:80,17,0,7
BRDA:81,18,0,8
BRDA:75,19,0,18
BRDA:76,20,0,15
BRDA:86,21,0,7
BRDA:87,22,0,4
BRDA:92,23,0,1
BRDA:97,24,0,4
BRDA:100,25,0,1
BRDA:110,26,0,2
BRDA:113,27,0,1
BRDA:119,28,0,5
BRDA:124,29,0,1
BRF:30
BRH:30
end_of_record
TN:
SF:src/components/bot-notification/bot-notification-utils.ts
FN:5,getToastPosition
FN:39,notification_message
FNF:2
FNH:1
FNDA:1,getToastPosition
FNDA:0,notification_message
DA:1,1
DA:2,1
DA:3,1
DA:4,1
DA:5,1
DA:6,1
DA:7,1
DA:8,1
DA:9,1
DA:10,1
DA:11,1
DA:12,1
DA:13,1
DA:14,1
DA:15,1
DA:16,1
DA:17,1
DA:18,1
DA:19,1
DA:20,1
DA:21,1
DA:22,1
DA:23,1
DA:24,1
DA:25,1
DA:26,1
DA:27,1
DA:28,1
DA:29,1
DA:30,1
DA:31,1
DA:32,1
DA:33,1
DA:34,1
DA:35,1
DA:36,1
DA:37,1
DA:38,1
DA:39,1
DA:40,0
DA:41,0
DA:42,0
DA:43,0
DA:44,0
DA:45,0
DA:46,0
DA:47,0
DA:48,0
DA:49,1
DA:50,1
DA:51,1
DA:52,1
DA:53,1
DA:54,1
DA:55,1
DA:56,1
DA:57,1
DA:58,1
DA:59,1
LF:59
LH:50
BRDA:5,0,0,1
BRDA:7,1,0,0
BRDA:34,2,0,1
BRF:3
BRH:2
end_of_record
TN:
SF:src/components/bot-notification/bot-notification.tsx
FN:5,NotificationContent
FN:30,botNotification
FNF:2
FNH:0
FNDA:0,NotificationContent
FNDA:0,botNotification
DA:1,1
DA:2,1
DA:3,1
DA:4,1
DA:5,1
DA:6,0
DA:7,0
DA:8,0
DA:9,0
DA:10,0
DA:11,0
DA:12,0
DA:13,0
DA:14,0
DA:15,0
DA:16,0
DA:17,0
DA:18,0
DA:19,0
DA:20,0
DA:21,0
DA:22,0
DA:23,0
DA:24,0
DA:25,0
DA:26,0
DA:27,0
DA:28,0
DA:29,1
DA:30,1
DA:31,0
DA:32,0
DA:33,0
DA:34,0
DA:35,0
DA:36,0
DA:37,0
DA:38,0
DA:39,0
DA:40,0
DA:41,0
DA:42,0
DA:43,0
DA:44,0
DA:45,0
DA:46,0
DA:47,0
DA:48,0
DA:49,0
DA:50,0
DA:51,0
LF:51
LH:7
BRF:0
BRH:0
end_of_record
TN:
SF:src/components/button-link/button-link.tsx
FN:10,ButtonLink
FNF:1
FNH:1
FNDA:7,ButtonLink
DA:1,1
DA:2,1
DA:3,1
DA:4,1
DA:5,1
DA:6,1
DA:7,1
DA:8,1
DA:9,1
DA:10,1
DA:11,7
DA:12,7
DA:13,7
DA:14,7
DA:15,7
DA:16,7
DA:17,7
DA:18,7
DA:19,7
DA:20,7
DA:21,7
DA:22,7
DA:23,7
DA:24,1
DA:25,1
DA:26,1
LF:26
LH:26
BRDA:10,0,0,7
BRF:1
BRH:1
end_of_record
TN:
SF:src/components/contract-card-loading/contract-card-running-bot.tsx
FN:8,ContractCardRunningBot
FNF:1
FNH:1
FNDA:2,ContractCardRunningBot
DA:1,1
DA:2,1
DA:3,1
DA:4,1
DA:5,1
DA:6,1
DA:7,1
DA:8,1
DA:9,2
DA:10,2
DA:11,2
DA:12,2
DA:13,2
DA:14,2
DA:15,2
DA:16,2
DA:17,2
DA:18,2
DA:19,2
DA:20,2
DA:21,2
DA:22,1
DA:23,1
DA:24,1
LF:24
LH:24
BRDA:8,0,0,2
BRF:1
BRH:1
end_of_record
TN:
SF:src/components/error-component/error-component.tsx
FN:18,ErrorComponent
FN:34,ErrorComponent.buttonOnClick
FNF:2
FNH:1
FNDA:1,ErrorComponent
FNDA:0,ErrorComponent.buttonOnClick
DA:1,1
DA:2,1
DA:3,1
DA:4,1
DA:5,1
DA:6,1
DA:7,1
DA:8,1
DA:9,1
DA:10,1
DA:11,1
DA:12,1
DA:13,1
DA:14,1
DA:15,1
DA:16,1
DA:17,1
DA:18,1
DA:19,1
DA:20,1
DA:21,1
DA:22,1
DA:23,1
DA:24,1
DA:25,1
DA:26,1
DA:27,1
DA:28,1
DA:29,1
DA:30,1
DA:31,1
DA:32,1
DA:33,1
DA:34,1
DA:35,1
DA:36,1
DA:37,1
DA:38,1
DA:39,1
DA:40,1
DA:41,1
DA:42,1
DA:43,1
DA:44,1
DA:45,1
DA:46,1
DA:47,1
DA:48,1
DA:49,1
DA:50,1
DA:51,1
DA:52,1
DA:53,1
DA:54,1
LF:54
LH:54
BRDA:45,0,0,0
BRDA:18,1,0,1
BRDA:30,2,0,0
BRDA:31,3,0,0
BRDA:33,4,0,0
BRF:5
BRH:1
end_of_record
TN:
SF:src/components/error-modal/error-modal-content.tsx
FN:11,ErrorModalContent
FNF:1
FNH:1
FNDA:7,ErrorModalContent
DA:1,1
DA:2,1
DA:3,1
DA:4,1
DA:5,1
DA:6,1
DA:7,1
DA:8,1
DA:9,1
DA:10,1
DA:11,1
DA:12,7
DA:13,7
DA:14,7
DA:15,7
DA:16,7
DA:17,7
DA:18,7
DA:19,7
DA:20,7
DA:21,7
DA:22,7
DA:23,7
DA:24,7
DA:25,7
DA:26,7
DA:27,1
DA:28,1
LF:28
LH:28
BRDA:11,0,0,7
BRF:1
BRH:1
end_of_record
TN:
SF:src/components/error-modal/error-modal.tsx
FN:17,ErrorModal
FN:25,toggleErrorModal
FNF:2
FNH:1
FNDA:6,ErrorModal
FNDA:0,toggleErrorModal
DA:1,1
DA:2,1
DA:3,1
DA:4,1
DA:5,1
DA:6,1
DA:7,1
DA:8,1
DA:9,1
DA:10,1
DA:11,1
DA:12,1
DA:13,1
DA:14,1
DA:15,1
DA:16,1
DA:17,1
DA:18,6
DA:19,6
DA:20,6
DA:21,6
DA:22,3
DA:23,6
DA:24,6
DA:25,6
DA:26,0
DA:27,6
DA:28,6
DA:29,6
DA:30,6
DA:31,6
DA:32,6
DA:33,6
DA:34,6
DA:35,6
DA:36,6
DA:37,6
DA:38,6
DA:39,6
DA:40,6
DA:41,6
DA:42,6
DA:43,6
DA:44,6
DA:45,6
DA:46,6
DA:47,6
DA:48,6
DA:49,6
DA:50,6
DA:51,1
DA:52,1
LF:52
LH:51
BRDA:17,0,0,6
BRDA:21,1,0,3
BRF:2
BRH:2
end_of_record
TN:
SF:src/components/error-modal/index.ts
FNF:0
FNH:0
DA:1,1
DA:2,1
DA:3,1
DA:4,1
LF:4
LH:4
BRF:0
BRH:0
end_of_record
TN:
SF:src/components/layout/app-logo/LogoMark.tsx
FN:22,LogoMark
FN:59,onError
FNF:2
FNH:2
FNDA:13,LogoMark
FNDA:5,onError
DA:1,1
DA:2,1
DA:3,1
DA:4,1
DA:5,1
DA:6,1
DA:7,1
DA:8,1
DA:9,1
DA:10,1
DA:11,1
DA:12,1
DA:13,1
DA:14,1
DA:15,1
DA:16,1
DA:17,1
DA:18,1
DA:19,1
DA:20,1
DA:21,1
DA:22,1
DA:23,13
DA:24,13
DA:25,13
DA:26,13
DA:27,13
DA:28,13
DA:29,13
DA:30,13
DA:31,13
DA:32,13
DA:33,13
DA:34,13
DA:35,13
DA:36,13
DA:37,13
DA:38,7
DA:39,7
DA:40,13
DA:41,13
DA:42,13
DA:43,13
DA:44,13
DA:45,13
DA:46,13
DA:47,13
DA:48,13
DA:49,13
DA:50,13
DA:51,13
DA:52,13
DA:53,7
DA:54,7
DA:55,7
DA:56,7
DA:57,7
DA:58,7
DA:59,7
DA:60,7
DA:61,13
DA:62,6
DA:63,6
DA:64,6
DA:65,6
DA:66,6
DA:67,6
DA:68,6
DA:69,13
DA:70,13
DA:71,12
DA:72,12
DA:73,12
DA:74,12
DA:75,12
DA:76,12
DA:77,13
DA:78,13
DA:79,13
DA:80,13
LF:80
LH:80
BRDA:22,0,0,13
BRDA:46,1,0,3
BRDA:46,2,0,10
BRDA:47,3,0,7
BRDA:47,4,0,6
BRDA:48,5,0,0
BRDA:52,6,0,7
BRDA:61,7,0,6
BRDA:70,8,0,12
BRDA:28,9,0,7
BRDA:29,10,0,7
BRDA:30,11,0,7
BRDA:37,12,0,7
BRDA:38,13,0,2
BRDA:38,14,0,5
BRDA:39,15,0,0
BRDA:43,16,0,7
BRDA:59,17,0,5
BRDA:59,18,0,5
BRF:19
BRH:17
end_of_record
TN:
SF:src/components/layout/footer/index.tsx
FN:21,Footer
FN:30,openLanguageSettingModal
FN:64,onLanguageSwitch
FNF:3
FNH:1
FNDA:1,Footer
FNDA:0,openLanguageSettingModal
FNDA:0,onLanguageSwitch
DA:1,1
DA:2,1
DA:3,1
DA:4,1
DA:5,1
DA:6,1
DA:7,1
DA:8,1
DA:9,1
DA:10,1
DA:11,1
DA:12,1
DA:13,1
DA:14,1
DA:15,1
DA:16,1
DA:17,1
DA:18,1
DA:19,1
DA:20,1
DA:21,1
DA:22,1
DA:23,1
DA:24,1
DA:25,1
DA:26,1
DA:27,1
DA:28,1
DA:29,1
DA:30,1
DA:31,1
DA:32,1
DA:33,1
DA:34,1
DA:35,1
DA:36,1
DA:37,0
DA:38,0
DA:39,0
DA:40,0
DA:41,1
DA:42,1
DA:43,1
DA:44,1
DA:45,1
DA:46,1
DA:47,1
DA:48,1
DA:49,1
DA:50,1
DA:51,1
DA:52,1
DA:53,1
DA:54,1
DA:55,1
DA:56,1
DA:57,0
DA:58,0
DA:59,0
DA:60,0
DA:61,0
DA:62,0
DA:63,0
DA:64,0
DA:65,0
DA:66,0
DA:67,0
DA:68,0
DA:69,0
DA:70,0
DA:71,0
DA:72,0
DA:73,0
DA:74,0
DA:75,0
DA:76,0
DA:77,0
DA:78,0
DA:79,1
DA:80,1
DA:81,1
DA:82,1
DA:83,1
DA:84,1
DA:85,1
LF:85
LH:59
BRDA:21,0,0,1
BRDA:27,1,0,0
BRDA:28,2,0,0
BRDA:34,3,0,0
BRDA:36,4,0,0
BRDA:56,5,0,0
BRDA:56,6,0,0
BRF:7
BRH:1
end_of_record
TN:
SF:src/components/layout/header/account-switcher.tsx
FN:25,handleClickOutside
FN:30,handleKeyDown
FN:88,onKeyDown
FN:154,onClick
FN:155,onKeyDown
FNF:5
FNH:3
FNDA:1,handleClickOutside
FNDA:1,handleKeyDown
FNDA:0,onKeyDown
FNDA:2,onClick
FNDA:0,onKeyDown
DA:1,1
DA:2,1
DA:3,1
DA:4,1
DA:5,1
DA:6,1
DA:7,1
DA:8,1
DA:9,1
DA:10,1
DA:11,1
DA:12,1
DA:13,1
DA:14,1
DA:15,1
DA:16,22
DA:17,22
DA:18,22
DA:19,22
DA:20,22
DA:21,22
DA:22,22
DA:23,22
DA:24,22
DA:25,12
DA:26,1
DA:27,1
DA:28,1
DA:29,12
DA:30,12
DA:31,1
DA:32,12
DA:33,12
DA:34,12
DA:35,12
DA:36,12
DA:37,12
DA:38,12
DA:39,22
DA:40,22
DA:41,22
DA:42,10
DA:43,7
DA:44,22
DA:45,22
DA:46,22
DA:47,22
DA:48,1
DA:49,1
DA:50,1
DA:51,22
DA:52,22
DA:53,22
DA:54,22
DA:55,22
DA:56,12
DA:57,12
DA:58,12
DA:59,23
DA:60,23
DA:61,23
DA:62,23
DA:63,23
DA:64,12
DA:65,12
DA:66,22
DA:67,22
DA:68,22
DA:69,21
DA:70,21
DA:71,22
DA:72,22
DA:73,22
DA:74,22
DA:75,22
DA:76,22
DA:77,22
DA:78,22
DA:79,22
DA:80,22
DA:81,22
DA:82,22
DA:83,22
DA:84,22
DA:85,22
DA:86,22
DA:87,22
DA:88,22
DA:89,0
DA:90,0
DA:91,0
DA:92,0
DA:93,22
DA:94,22
DA:95,22
DA:96,22
DA:97,22
DA:98,22
DA:99,22
DA:100,0
DA:101,22
DA:102,21
DA:103,22
DA:104,22
DA:105,22
DA:106,18
DA:107,18
DA:108,18
DA:109,18
DA:110,18
DA:111,18
DA:112,18
DA:113,18
DA:114,18
DA:115,18
DA:116,18
DA:117,18
DA:118,18
DA:119,18
DA:120,18
DA:121,22
DA:122,22
DA:123,22
DA:124,21
DA:125,21
DA:126,21
DA:127,21
DA:128,21
DA:129,21
DA:130,21
DA:131,21
DA:132,0
DA:133,21
DA:134,21
DA:135,21
DA:136,21
DA:137,21
DA:138,22
DA:139,22
DA:140,22
DA:141,22
DA:142,22
DA:143,7
DA:144,7
DA:145,14
DA:146,14
DA:147,14
DA:148,14
DA:149,14
DA:150,14
DA:151,14
DA:152,14
DA:153,14
DA:154,14
DA:155,14
DA:156,0
DA:157,0
DA:158,0
DA:159,0
DA:160,14
DA:161,14
DA:162,14
DA:163,14
DA:164,14
DA:165,14
DA:166,14
DA:167,14
DA:168,14
DA:169,7
DA:170,14
DA:171,7
DA:172,14
DA:173,14
DA:174,14
DA:175,14
DA:176,14
DA:177,14
DA:178,0
DA:179,14
DA:180,14
DA:181,14
DA:182,7
DA:183,7
DA:184,22
DA:185,22
DA:186,22
DA:187,1
DA:188,1
DA:189,1
LF:189
LH:178
BRDA:15,0,0,22
BRDA:19,1,0,0
BRDA:21,2,0,21
BRDA:68,3,0,1
BRDA:69,4,0,21
BRDA:71,5,0,20
BRDA:79,6,0,18
BRDA:79,7,0,3
BRDA:80,8,0,18
BRDA:80,9,0,3
BRDA:81,10,0,18
BRDA:81,11,0,3
BRDA:82,12,0,18
BRDA:82,13,0,3
BRDA:99,14,0,0
BRDA:101,15,0,21
BRDA:105,16,0,18
BRDA:123,17,0,0
BRDA:123,18,0,21
BRDA:128,19,0,0
BRDA:131,20,0,0
BRDA:142,21,0,7
BRDA:24,22,0,12
BRDA:25,23,0,1
BRDA:30,24,0,1
BRDA:35,25,0,12
BRDA:41,26,0,10
BRDA:42,27,0,8
BRDA:42,28,0,3
BRDA:43,29,0,7
BRDA:43,30,0,7
BRDA:47,31,0,1
BRDA:55,32,0,12
BRDA:56,33,0,0
BRDA:58,34,0,23
BRDA:61,35,0,0
BRDA:65,36,0,11
BRDA:65,37,0,1
BRDA:65,38,0,10
BRDA:65,39,0,0
BRDA:144,40,0,14
BRDA:168,41,0,7
BRDA:170,42,0,7
BRDA:177,43,0,0
BRDA:154,44,0,2
BRDA:154,45,0,1
BRF:46
BRH:37
end_of_record
TN:
SF:src/components/layout/header/mobile-menu/back-button.tsx
FN:9,BackButton
FNF:1
FNH:1
FNDA:4,BackButton
DA:1,1
DA:2,1
DA:3,1
DA:4,1
DA:5,1
DA:6,1
DA:7,1
DA:8,1
DA:9,1
DA:10,4
DA:11,4
DA:12,4
DA:13,4
DA:14,4
DA:15,4
DA:16,4
DA:17,4
DA:18,4
DA:19,4
DA:20,4
DA:21,4
DA:22,1
DA:23,1
LF:23
LH:23
BRDA:9,0,0,4
BRDA:16,1,0,1
BRDA:16,2,0,3
BRF:3
BRH:3
end_of_record
TN:
SF:src/components/layout/header/mobile-menu/menu-content.tsx
FN:91,onClick
FNF:1
FNH:0
FNDA:0,onClick
DA:1,1
DA:2,1
DA:3,1
DA:4,1
DA:5,1
DA:6,1
DA:7,1
DA:8,1
DA:9,1
DA:10,1
DA:11,1
DA:12,1
DA:13,1
DA:14,1
DA:15,5
DA:16,5
DA:17,5
DA:18,5
DA:19,5
DA:20,5
DA:21,5
DA:22,5
DA:23,5
DA:24,5
DA:25,8
DA:26,8
DA:27,8
DA:28,8
DA:29,8
DA:30,8
DA:31,8
DA:32,8
DA:33,8
DA:34,8
DA:35,8
DA:36,8
DA:37,8
DA:38,8
DA:39,8
DA:40,8
DA:41,8
DA:42,8
DA:43,8
DA:44,8
DA:45,8
DA:46,8
DA:47,8
DA:48,8
DA:49,8
DA:50,8
DA:51,8
DA:52,8
DA:53,0
DA:54,0
DA:55,0
DA:56,0
DA:57,0
DA:58,0
DA:59,0
DA:60,0
DA:61,0
DA:62,0
DA:63,0
DA:64,0
DA:65,0
DA:66,0
DA:67,0
DA:68,0
DA:69,0
DA:70,0
DA:71,0
DA:72,0
DA:73,0
DA:74,0
DA:75,0
DA:76,8
DA:77,8
DA:78,8
DA:79,8
DA:80,8
DA:81,8
DA:82,8
DA:83,8
DA:84,8
DA:85,8
DA:86,8
DA:87,8
DA:88,8
DA:89,8
DA:90,8
DA:91,8
DA:92,0
DA:93,0
DA:94,0
DA:95,0
DA:96,0
DA:97,8
DA:98,8
DA:99,8
DA:100,0
DA:101,0
DA:102,0
DA:103,0
DA:104,8
DA:105,8
DA:106,8
DA:107,8
DA:108,8
DA:109,8
DA:110,8
DA:111,8
DA:112,8
DA:113,8
DA:114,8
DA:115,8
DA:116,5
DA:117,5
DA:118,5
DA:119,5
DA:120,1
DA:121,1
DA:122,1
LF:122
LH:90
BRDA:14,0,0,5
BRDA:17,1,0,3
BRDA:17,2,0,2
BRDA:24,3,0,8
BRDA:31,4,0,4
BRDA:25,5,0,8
BRDA:37,6,0,8
BRDA:52,7,0,0
BRDA:99,8,0,0
BRF:9
BRH:7
end_of_record
TN:
SF:src/components/layout/header/mobile-menu/menu-header.tsx
FN:14,MenuHeader
FNF:1
FNH:1
FNDA:5,MenuHeader
DA:1,1
DA:2,1
DA:3,1
DA:4,1
DA:5,1
DA:6,1
DA:7,1
DA:8,1
DA:9,1
DA:10,1
DA:11,1
DA:12,1
DA:13,1
DA:14,1
DA:15,5
DA:16,5
DA:17,5
DA:18,5
DA:19,5
DA:20,5
DA:21,5
DA:22,5
DA:23,5
DA:24,5
DA:25,5
DA:26,5
DA:27,4
DA:28,4
DA:29,4
DA:30,4
DA:31,4
DA:32,4
DA:33,4
DA:34,4
DA:35,4
DA:36,4
DA:37,4
DA:38,4
DA:39,5
DA:40,5
DA:41,5
DA:42,5
DA:43,1
DA:44,1
LF:44
LH:44
BRDA:14,0,0,5
BRDA:21,1,0,4
BRDA:21,2,0,1
BRDA:26,3,0,4
BRDA:35,4,0,3
BRDA:35,5,0,1
BRF:6
BRH:6
end_of_record
TN:
SF:src/components/layout/header/mobile-menu/mobile-menu.tsx
FN:32,MobileMenu
FN:49,openDrawer
FN:50,closeDrawer
FN:59,openSubmenu
FN:60,closeSubmenu
FN:61,openLanguageSetting
FN:98,onLanguageSwitch
FN:126,onLogout
FNF:8
FNH:1
FNDA:1,MobileMenu
FNDA:0,openDrawer
FNDA:0,closeDrawer
FNDA:0,openSubmenu
FNDA:0,closeSubmenu
FNDA:0,openLanguageSetting
FNDA:0,onLanguageSwitch
FNDA:0,onLogout
DA:1,1
DA:2,1
DA:3,1
DA:4,1
DA:5,1
DA:6,1
DA:7,1
DA:8,1
DA:9,1
DA:10,1
DA:11,1
DA:12,1
DA:13,1
DA:14,1
DA:15,1
DA:16,1
DA:17,1
DA:18,1
DA:19,1
DA:20,1
DA:21,1
DA:22,1
DA:23,1
DA:24,1
DA:25,1
DA:26,1
DA:27,1
DA:28,1
DA:29,1
DA:30,1
DA:31,1
DA:32,1
DA:33,1
DA:34,1
DA:35,1
DA:36,1
DA:37,1
DA:38,1
DA:39,1
DA:40,1
DA:41,1
DA:42,1
DA:43,1
DA:44,1
DA:45,1
DA:46,1
DA:47,1
DA:48,1
DA:49,1
DA:50,1
DA:51,0
DA:52,0
DA:53,0
DA:54,0
DA:55,0
DA:56,0
DA:57,1
DA:58,1
DA:59,1
DA:60,1
DA:61,1
DA:62,1
DA:63,1
DA:64,1
DA:65,1
DA:66,1
DA:67,1
DA:68,1
DA:69,1
DA:70,1
DA:71,1
DA:72,1
DA:73,1
DA:74,1
DA:75,1
DA:76,1
DA:77,1
DA:78,1
DA:79,1
DA:80,1
DA:81,1
DA:82,1
DA:83,1
DA:84,1
DA:85,1
DA:86,1
DA:87,0
DA:88,0
DA:89,0
DA:90,0
DA:91,0
DA:92,0
DA:93,0
DA:94,0
DA:95,0
DA:96,0
DA:97,0
DA:98,0
DA:99,0
DA:100,0
DA:101,0
DA:102,0
DA:103,0
DA:104,0
DA:105,0
DA:106,0
DA:107,0
DA:108,0
DA:109,0
DA:110,0
DA:111,0
DA:112,0
DA:113,0
DA:114,0
DA:115,1
DA:116,0
DA:117,0
DA:118,0
DA:119,0
DA:120,0
DA:121,0
DA:122,1
DA:123,1
DA:124,1
DA:125,1
DA:126,1
DA:127,0
DA:128,0
DA:129,1
DA:130,1
DA:131,1
DA:132,1
DA:133,1
DA:134,1
DA:135,1
DA:136,1
DA:137,1
DA:138,1
DA:139,1
DA:140,1
DA:141,1
DA:142,1
DA:143,1
DA:144,1
LF:144
LH:102
BRDA:32,0,0,1
BRDA:39,1,0,0
BRDA:43,2,0,0
BRDA:44,3,0,0
BRDA:64,4,0,0
BRDA:66,5,0,0
BRDA:78,6,0,0
BRDA:86,7,0,0
BRDA:86,8,0,0
BRDA:115,9,0,0
BRF:10
BRH:1
end_of_record
TN:
SF:src/components/layout/header/mobile-menu/toggle-button.tsx
FN:8,ToggleButton
FNF:1
FNH:1
FNDA:2,ToggleButton
DA:1,1
DA:2,1
DA:3,1
DA:4,1
DA:5,1
DA:6,1
DA:7,1
DA:8,1
DA:9,2
DA:10,2
DA:11,2
DA:12,1
DA:13,1
DA:14,1
LF:14
LH:14
BRDA:8,0,0,2
BRF:1
BRH:1
end_of_record
TN:
SF:src/components/layout/header/mobile-menu/use-mobile-menu-config.tsx
FN:24,useMobileMenuConfig
FNF:1
FNH:1
FNDA:5,useMobileMenuConfig
DA:1,1
DA:2,1
DA:3,1
DA:4,1
DA:5,1
DA:6,1
DA:7,1
DA:8,1
DA:9,1
DA:10,1
DA:11,1
DA:12,1
DA:13,1
DA:14,1
DA:15,1
DA:16,1
DA:17,1
DA:18,1
DA:19,1
DA:20,1
DA:21,1
DA:22,1
DA:23,1
DA:24,1
DA:25,5
DA:26,5
DA:27,5
DA:28,5
DA:29,5
DA:30,5
DA:31,5
DA:32,5
DA:33,5
DA:34,5
DA:35,5
DA:36,5
DA:37,5
DA:38,5
DA:39,5
DA:40,5
DA:41,5
DA:42,5
DA:43,5
DA:44,5
DA:45,5
DA:46,5
DA:47,5
DA:48,5
DA:49,5
DA:50,5
DA:51,5
DA:52,5
DA:53,5
DA:54,5
DA:55,4
DA:56,4
DA:57,4
DA:58,4
DA:59,4
DA:60,5
DA:61,5
DA:62,5
DA:63,5
DA:64,4
DA:65,4
DA:66,4
DA:67,4
DA:68,4
DA:69,4
DA:70,5
DA:71,5
DA:72,5
DA:73,5
DA:74,5
DA:75,5
DA:76,5
DA:77,5
DA:78,5
DA:79,5
DA:80,5
DA:81,5
DA:82,5
DA:83,5
DA:84,5
DA:85,5
DA:86,5
DA:87,5
DA:88,5
DA:89,5
DA:90,5
DA:91,5
DA:92,1
DA:93,1
LF:93
LH:93
BRDA:24,0,0,5
BRDA:32,1,0,5
BRDA:54,2,0,4
BRDA:62,3,0,4
BRDA:63,4,0,4
BRDA:71,5,0,10
BRDA:82,6,0,5
BRF:7
BRH:7
end_of_record
TN:
SF:src/components/notify-item/index.ts
FN:4,get
FN:4,get
FN:4,get
FNF:3
FNH:0
FNDA:0,get
FNDA:0,get
FNDA:0,get
DA:1,1
DA:2,1
DA:3,1
DA:4,1
LF:4
LH:4
BRF:0
BRH:0
end_of_record
TN:
SF:src/components/notify-item/notify-item.tsx
FN:6,getIcon
FN:27,messageWithButton
FN:46,messageWithImage
FN:54,arrayAsMessage
FNF:4
FNH:0
FNDA:0,getIcon
FNDA:0,messageWithButton
FNDA:0,messageWithImage
FNDA:0,arrayAsMessage
DA:1,1
DA:2,1
DA:3,1
DA:4,1
DA:5,1
DA:6,1
DA:7,0
DA:8,0
DA:9,0
DA:10,0
DA:11,0
DA:12,0
DA:13,0
DA:14,0
DA:15,0
DA:16,0
DA:17,0
DA:18,1
DA:19,1
DA:20,1
DA:21,1
DA:22,1
DA:23,1
DA:24,1
DA:25,1
DA:26,1
DA:27,1
DA:28,0
DA:29,0
DA:30,0
DA:31,0
DA:32,0
DA:33,0
DA:34,0
DA:35,0
DA:36,0
DA:37,0
DA:38,0
DA:39,0
DA:40,0
DA:41,0
DA:42,0
DA:43,0
DA:44,1
DA:45,1
DA:46,1
DA:47,0
DA:48,0
DA:49,0
DA:50,0
DA:51,1
DA:52,1
DA:53,1
DA:54,1
LF:54
LH:23
BRF:0
BRH:0
end_of_record
TN:
SF:src/components/page-error/index.ts
FNF:0
FNH:0
DA:1,1
DA:2,1
DA:3,1
DA:4,1
LF:4
LH:4
BRF:0
BRH:0
end_of_record
TN:
SF:src/components/page-error/page-error.tsx
FN:26,PageError
FN:39,onClickHandler
FNF:2
FNH:2
FNDA:11,PageError
FNDA:4,onClickHandler
DA:1,1
DA:2,1
DA:3,1
DA:4,1
DA:5,1
DA:6,1
DA:7,1
DA:8,1
DA:9,1
DA:10,1
DA:11,1
DA:12,1
DA:13,1
DA:14,1
DA:15,1
DA:16,1
DA:17,1
DA:18,1
DA:19,1
DA:20,1
DA:21,1
DA:22,1
DA:23,1
DA:24,1
DA:25,1
DA:26,1
DA:27,11
DA:28,11
DA:29,11
DA:30,11
DA:31,11
DA:32,11
DA:33,11
DA:34,11
DA:35,11
DA:36,11
DA:37,11
DA:38,11
DA:39,11
DA:40,4
DA:41,3
DA:42,3
DA:43,4
DA:44,1
DA:45,1
DA:46,11
DA:47,11
DA:48,11
DA:49,11
DA:50,11
DA:51,11
DA:52,11
DA:53,2
DA:54,2
DA:55,2
DA:56,2
DA:57,2
DA:58,2
DA:59,2
DA:60,2
DA:61,2
DA:62,2
DA:63,2
DA:64,2
DA:65,2
DA:66,2
DA:67,2
DA:68,2
DA:69,2
DA:70,2
DA:71,2
DA:72,2
DA:73,2
DA:74,2
DA:75,11
DA:76,11
DA:77,11
DA:78,11
DA:79,11
DA:80,11
DA:81,11
DA:82,11
DA:83,11
DA:84,11
DA:85,11
DA:86,11
DA:87,11
DA:88,11
DA:89,11
DA:90,11
DA:91,11
DA:92,11
DA:93,11
DA:94,11
DA:95,11
DA:96,12
DA:97,0
DA:98,0
DA:99,0
DA:100,0
DA:101,0
DA:102,0
DA:103,0
DA:104,0
DA:105,0
DA:106,12
DA:107,12
DA:108,12
DA:109,12
DA:110,12
DA:111,12
DA:112,12
DA:113,12
DA:114,12
DA:115,12
DA:116,12
DA:117,11
DA:118,11
DA:119,11
DA:120,11
DA:121,11
DA:122,11
DA:123,11
DA:124,7
DA:125,7
DA:126,7
DA:127,7
DA:128,7
DA:129,7
DA:130,7
DA:131,7
DA:132,7
DA:133,7
DA:134,7
DA:135,7
DA:136,7
DA:137,7
DA:138,7
DA:139,7
DA:140,11
DA:141,11
DA:142,3
DA:143,3
DA:144,3
DA:145,3
DA:146,3
DA:147,3
DA:148,3
DA:149,3
DA:150,3
DA:151,3
DA:152,3
DA:153,3
DA:154,3
DA:155,3
DA:156,11
DA:157,11
DA:158,11
DA:159,11
DA:160,11
DA:161,11
DA:162,1
DA:163,1
LF:163
LH:154
BRDA:26,0,0,11
BRDA:52,1,0,2
BRDA:81,2,0,2
BRDA:81,3,0,9
BRDA:122,4,0,8
BRDA:123,5,0,7
BRDA:141,6,0,3
BRDA:146,7,0,1
BRDA:146,8,0,2
BRDA:150,9,0,1
BRDA:150,10,0,2
BRDA:39,11,0,4
BRDA:40,12,0,3
BRDA:43,13,0,1
BRDA:95,14,0,12
BRDA:96,15,0,0
BRDA:109,16,0,2
BRDA:109,17,0,10
BRDA:110,18,0,2
BRDA:110,19,0,10
BRDA:124,20,0,7
BRDA:134,21,0,1
BRDA:134,22,0,6
BRF:23
BRH:22
end_of_record
TN:
SF:src/components/page-error-container/index.ts
FNF:0
FNH:0
DA:1,1
DA:2,1
DA:3,1
LF:3
LH:3
BRF:0
BRH:0
end_of_record
TN:
SF:src/components/page-error-container/page-error-container.tsx
FN:17,PageErrorContainer
FNF:1
FNH:1
FNDA:1,PageErrorContainer
DA:1,1
DA:2,1
DA:3,1
DA:4,1
DA:5,1
DA:6,1
DA:7,1
DA:8,1
DA:9,1
DA:10,1
DA:11,1
DA:12,1
DA:13,1
DA:14,1
DA:15,1
DA:16,1
DA:17,1
DA:18,1
DA:19,1
DA:20,1
DA:21,0
DA:22,0
DA:23,0
DA:24,0
DA:25,0
DA:26,0
DA:27,1
DA:28,1
LF:28
LH:22
BRDA:17,0,0,1
BRDA:21,1,0,0
BRF:2
BRH:1
end_of_record
TN:
SF:src/components/shared/index.ts
FNF:0
FNH:0
DA:1,1
DA:2,1
DA:3,1
DA:4,1
DA:5,1
DA:6,1
DA:7,1
DA:8,1
DA:9,1
DA:10,1
DA:11,1
DA:12,1
DA:13,1
DA:14,1
DA:15,1
DA:16,1
DA:17,1
DA:18,1
DA:19,1
DA:20,1
DA:21,1
DA:22,1
DA:23,1
DA:24,1
DA:25,1
DA:26,1
DA:27,1
DA:28,1
DA:29,1
DA:30,1
DA:31,1
DA:32,1
DA:33,1
LF:33
LH:33
BRF:0
BRH:0
end_of_record
TN:
SF:src/components/shared/common/utility.ts
FN:3,isMultipliersOnly
FN:7,isOptionsBlocked
FNF:2
FNH:0
FNDA:0,isMultipliersOnly
FNDA:0,isOptionsBlocked
DA:1,1
DA:2,1
DA:3,1
DA:4,1
DA:5,1
DA:6,1
DA:7,1
LF:7
LH:7
BRF:0
BRH:0
end_of_record
TN:
SF:src/components/shared/services/index.ts
FNF:0
FNH:0
DA:1,1
DA:2,1
LF:2
LH:2
BRF:0
BRH:0
end_of_record
TN:
SF:src/components/shared/services/performance-metrics-methods.ts
FN:26,startPerformanceEventTimer
FN:48,setPerformanceValue
FNF:2
FNH:0
FNDA:0,startPerformanceEventTimer
FNDA:0,setPerformanceValue
DA:1,1
DA:2,1
DA:3,1
DA:4,1
DA:5,1
DA:6,1
DA:7,1
DA:8,1
DA:9,1
DA:10,1
DA:11,1
DA:12,1
DA:13,1
DA:14,1
DA:15,1
DA:16,1
DA:17,1
DA:18,1
DA:19,1
DA:20,1
DA:21,1
DA:22,1
DA:23,1
DA:24,1
DA:25,1
DA:26,1
DA:27,0
DA:28,0
DA:29,0
DA:30,0
DA:31,0
DA:32,0
DA:33,0
DA:34,0
DA:35,0
DA:36,0
DA:37,0
DA:38,0
DA:39,0
DA:40,0
DA:41,0
DA:42,0
DA:43,0
DA:44,0
DA:45,0
DA:46,0
DA:47,1
DA:48,1
DA:49,0
DA:50,0
DA:51,0
DA:52,0
DA:53,0
DA:54,0
DA:55,0
DA:56,0
DA:57,0
DA:58,0
DA:59,0
DA:60,0
DA:61,0
DA:62,0
DA:63,0
LF:63
LH:28
BRF:0
BRH:0
end_of_record
TN:
SF:src/components/shared/services/trading-times-service.ts
FN:37,TradingTimesService
FN:47,getTradingTimes
FN:78,fetchTradingTimes
FN:113,clearCache
FN:121,isCacheValid
FNF:5
FNH:1
FNDA:2,TradingTimesService
FNDA:0,getTradingTimes
FNDA:0,fetchTradingTimes
FNDA:0,clearCache
FNDA:0,isCacheValid
DA:1,1
DA:2,1
DA:3,1
DA:4,1
DA:5,1
DA:6,1
DA:7,1
DA:8,1
DA:9,1
DA:10,1
DA:11,1
DA:12,1
DA:13,1
DA:14,1
DA:15,1
DA:16,1
DA:17,1
DA:18,1
DA:19,1
DA:20,1
DA:21,1
DA:22,1
DA:23,1
DA:24,1
DA:25,1
DA:26,1
DA:27,1
DA:28,1
DA:29,1
DA:30,1
DA:31,1
DA:32,1
DA:33,1
DA:34,1
DA:35,1
DA:36,1
DA:37,2
DA:38,2
DA:39,2
DA:40,2
DA:41,2
DA:42,2
DA:43,2
DA:44,2
DA:45,2
DA:46,2
DA:47,2
DA:48,0
DA:49,0
DA:50,0
DA:51,0
DA:52,0
DA:53,0
DA:54,0
DA:55,0
DA:56,0
DA:57,0
DA:58,0
DA:59,0
DA:60,0
DA:61,0
DA:62,0
DA:63,0
DA:64,0
DA:65,0
DA:66,0
DA:67,0
DA:68,0
DA:69,0
DA:70,0
DA:71,0
DA:72,0
DA:73,0
DA:74,2
DA:75,2
DA:76,2
DA:77,2
DA:78,2
DA:79,0
DA:80,0
DA:81,0
DA:82,0
DA:83,0
DA:84,0
DA:85,0
DA:86,0
DA:87,0
DA:88,0
DA:89,0
DA:90,0
DA:91,0
DA:92,0
DA:93,0
DA:94,0
DA:95,0
DA:96,0
DA:97,0
DA:98,0
DA:99,0
DA:100,0
DA:101,0
DA:102,0
DA:103,0
DA:104,0
DA:105,0
DA:106,0
DA:107,0
DA:108,0
DA:109,2
DA:110,2
DA:111,2
DA:112,2
DA:113,2
DA:114,0
DA:115,0
DA:116,0
DA:117,2
DA:118,2
DA:119,2
DA:120,2
DA:121,2
DA:122,0
DA:123,0
DA:124,2
DA:125,1
DA:126,1
DA:127,1
LF:127
LH:66
BRDA:37,0,0,2
BRF:1
BRH:1
end_of_record
TN:
SF:src/components/shared/services/ws-methods.ts
FN:3,setWebsocket
FN:10,useWS
FNF:2
FNH:0
FNDA:0,setWebsocket
FNDA:0,useWS
DA:1,1
DA:2,1
DA:3,1
DA:4,0
DA:5,0
DA:6,1
DA:7,1
DA:8,1
DA:9,1
DA:10,1
DA:11,0
DA:12,0
LF:12
LH:8
BRF:0
BRH:0
end_of_record
TN:
SF:src/components/shared/utils/common-data.js
FN:219,getMarketDisplayName
FN:226,getSubgroupDisplayName
FN:233,getSubmarketDisplayName
FN:620,Object.<anonymous>.SYMBOL_PATTERNS
FN:621,Object.<anonymous>.SYMBOL_PATTERNS
FN:622,Object.<anonymous>.SYMBOL_PATTERNS
FN:623,Object.<anonymous>.SYMBOL_PATTERNS
FN:626,Object.<anonymous>.SYMBOL_PATTERNS
FN:627,Object.<anonymous>.SYMBOL_PATTERNS
FN:630,Object.<anonymous>.SYMBOL_PATTERNS
FN:631,Object.<anonymous>.SYMBOL_PATTERNS
FN:634,Object.<anonymous>.SYMBOL_PATTERNS
FN:635,Object.<anonymous>.SYMBOL_PATTERNS
FN:638,Object.<anonymous>.SYMBOL_PATTERNS
FN:641,Object.<anonymous>.SYMBOL_PATTERNS
FN:642,Object.<anonymous>.SYMBOL_PATTERNS
FN:645,Object.<anonymous>.SYMBOL_PATTERNS
FN:646,Object.<anonymous>.SYMBOL_PATTERNS
FN:649,Object.<anonymous>.SYMBOL_PATTERNS
FN:650,Object.<anonymous>.SYMBOL_PATTERNS
FN:655,Object.<anonymous>.SYMBOL_PATTERNS
FN:677,Object.<anonymous>.SYMBOL_PATTERNS
FN:684,Object.<anonymous>.SYMBOL_PATTERNS
FN:702,getTradingTimes
FN:750,getContractTypeOptions
FN:779,generateDisplayName
FN:828,getParamTextByValue
FN:839,getSymbolDisplayName
FN:858,isMarketClosed
FN:874,getAccountLimits
FNF:30
FNH:0
FNDA:0,getMarketDisplayName
FNDA:0,getSubgroupDisplayName
FNDA:0,getSubmarketDisplayName
FNDA:0,Object.<anonymous>.SYMBOL_PATTERNS
FNDA:0,Object.<anonymous>.SYMBOL_PATTERNS
FNDA:0,Object.<anonymous>.SYMBOL_PATTERNS
FNDA:0,Object.<anonymous>.SYMBOL_PATTERNS
FNDA:0,Object.<anonymous>.SYMBOL_PATTERNS
FNDA:0,Object.<anonymous>.SYMBOL_PATTERNS
FNDA:0,Object.<anonymous>.SYMBOL_PATTERNS
FNDA:0,Object.<anonymous>.SYMBOL_PATTERNS
FNDA:0,Object.<anonymous>.SYMBOL_PATTERNS
FNDA:0,Object.<anonymous>.SYMBOL_PATTERNS
FNDA:0,Object.<anonymous>.SYMBOL_PATTERNS
FNDA:0,Object.<anonymous>.SYMBOL_PATTERNS
FNDA:0,Object.<anonymous>.SYMBOL_PATTERNS
FNDA:0,Object.<anonymous>.SYMBOL_PATTERNS
FNDA:0,Object.<anonymous>.SYMBOL_PATTERNS
FNDA:0,Object.<anonymous>.SYMBOL_PATTERNS
FNDA:0,Object.<anonymous>.SYMBOL_PATTERNS
FNDA:0,Object.<anonymous>.SYMBOL_PATTERNS
FNDA:0,Object.<anonymous>.SYMBOL_PATTERNS
FNDA:0,Object.<anonymous>.SYMBOL_PATTERNS
FNDA:0,getTradingTimes
FNDA:0,getContractTypeOptions
FNDA:0,generateDisplayName
FNDA:0,getParamTextByValue
FNDA:0,getSymbolDisplayName
FNDA:0,isMarketClosed
FNDA:0,getAccountLimits
DA:1,1
DA:2,1
DA:3,1
DA:4,1
DA:5,1
DA:6,1
DA:7,1
DA:8,1
DA:9,1
DA:10,1
DA:11,1
DA:12,1
DA:13,1
DA:14,1
DA:15,1
DA:16,1
DA:17,1
DA:18,1
DA:19,1
DA:20,1
DA:21,1
DA:22,1
DA:23,1
DA:24,1
DA:25,1
DA:26,1
DA:27,1
DA:28,1
DA:29,1
DA:30,1
DA:31,1
DA:32,1
DA:33,1
DA:34,1
DA:35,1
DA:36,1
DA:37,1
DA:38,1
DA:39,1
DA:40,1
DA:41,1
DA:42,1
DA:43,1
DA:44,1
DA:45,1
DA:46,1
DA:47,1
DA:48,1
DA:49,1
DA:50,1
DA:51,1
DA:52,1
DA:53,1
DA:54,1
DA:55,1
DA:56,1
DA:57,1
DA:58,1
DA:59,1
DA:60,1
DA:61,1
DA:62,1
DA:63,1
DA:64,1
DA:65,1
DA:66,1
DA:67,1
DA:68,1
DA:69,1
DA:70,1
DA:71,1
DA:72,1
DA:73,1
DA:74,1
DA:75,1
DA:76,1
DA:77,1
DA:78,1
DA:79,1
DA:80,1
DA:81,1
DA:82,1
DA:83,1
DA:84,1
DA:85,1
DA:86,1
DA:87,1
DA:88,1
DA:89,1
DA:90,1
DA:91,1
DA:92,1
DA:93,1
DA:94,1
DA:95,1
DA:96,1
DA:97,1
DA:98,1
DA:99,1
DA:100,1
DA:101,1
DA:102,1
DA:103,1
DA:104,1
DA:105,1
DA:106,1
DA:107,1
DA:108,1
DA:109,1
DA:110,1
DA:111,1
DA:112,1
DA:113,1
DA:114,1
DA:115,1
DA:116,1
DA:117,1
DA:118,1
DA:119,1
DA:120,1
DA:121,1
DA:122,1
DA:123,1
DA:124,1
DA:125,1
DA:126,1
DA:127,1
DA:128,1
DA:129,1
DA:130,1
DA:131,1
DA:132,1
DA:133,1
DA:134,1
DA:135,1
DA:136,1
DA:137,1
DA:138,1
DA:139,1
DA:140,1
DA:141,1
DA:142,1
DA:143,1
DA:144,1
DA:145,1
DA:146,1
DA:147,1
DA:148,1
DA:149,1
DA:150,1
DA:151,1
DA:152,1
DA:153,1
DA:154,1
DA:155,1
DA:156,1
DA:157,1
DA:158,1
DA:159,1
DA:160,1
DA:161,1
DA:162,1
DA:163,1
DA:164,1
DA:165,1
DA:166,1
DA:167,1
DA:168,1
DA:169,1
DA:170,1
DA:171,1
DA:172,1
DA:173,1
DA:174,1
DA:175,1
DA:176,1
DA:177,1
DA:178,1
DA:179,1
DA:180,1
DA:181,1
DA:182,1
DA:183,1
DA:184,1
DA:185,1
DA:186,1
DA:187,1
DA:188,1
DA:189,1
DA:190,1
DA:191,1
DA:192,1
DA:193,1
DA:194,1
DA:195,1
DA:196,1
DA:197,1
DA:198,1
DA:199,1
DA:200,1
DA:201,1
DA:202,1
DA:203,1
DA:204,1
DA:205,1
DA:206,1
DA:207,1
DA:208,1
DA:209,1
DA:210,1
DA:211,1
DA:212,1
DA:213,1
DA:214,1
DA:215,1
DA:216,1
DA:217,1
DA:218,1
DA:219,1
DA:220,0
DA:221,0
DA:222,1
DA:223,1
DA:224,1
DA:225,1
DA:226,1
DA:227,0
DA:228,0
DA:229,1
DA:230,1
DA:231,1
DA:232,1
DA:233,1
DA:234,0
DA:235,0
DA:236,1
DA:237,1
DA:238,1
DA:239,1
DA:240,1
DA:241,1
DA:242,1
DA:243,1
DA:244,1
DA:245,1
DA:246,1
DA:247,1
DA:248,1
DA:249,1
DA:250,1
DA:251,1
DA:252,1
DA:253,1
DA:254,1
DA:255,1
DA:256,1
DA:257,1
DA:258,1
DA:259,1
DA:260,1
DA:261,1
DA:262,1
DA:263,1
DA:264,1
DA:265,1
DA:266,1
DA:267,1
DA:268,1
DA:269,1
DA:270,1
DA:271,1
DA:272,1
DA:273,1
DA:274,1
DA:275,1
DA:276,1
DA:277,1
DA:278,1
DA:279,1
DA:280,1
DA:281,1
DA:282,1
DA:283,1
DA:284,1
DA:285,1
DA:286,1
DA:287,1
DA:288,1
DA:289,1
DA:290,1
DA:291,1
DA:292,1
DA:293,1
DA:294,1
DA:295,1
DA:296,1
DA:297,1
DA:298,1
DA:299,1
DA:300,1
DA:301,1
DA:302,1
DA:303,1
DA:304,1
DA:305,1
DA:306,1
DA:307,1
DA:308,1
DA:309,1
DA:310,1
DA:311,1
DA:312,1
DA:313,1
DA:314,1
DA:315,1
DA:316,1
DA:317,1
DA:318,1
DA:319,1
DA:320,1
DA:321,1
DA:322,1
DA:323,1
DA:324,1
DA:325,1
DA:326,1
DA:327,1
DA:328,1
DA:329,1
DA:330,1
DA:331,1
DA:332,1
DA:333,1
DA:334,1
DA:335,1
DA:336,1
DA:337,1
DA:338,1
DA:339,1
DA:340,1
DA:341,1
DA:342,1
DA:343,1
DA:344,1
DA:345,1
DA:346,1
DA:347,1
DA:348,1
DA:349,1
DA:350,1
DA:351,1
DA:352,1
DA:353,1
DA:354,1
DA:355,1
DA:356,1
DA:357,1
DA:358,1
DA:359,1
DA:360,1
DA:361,1
DA:362,1
DA:363,1
DA:364,1
DA:365,1
DA:366,1
DA:367,1
DA:368,1
DA:369,1
DA:370,1
DA:371,1
DA:372,1
DA:373,1
DA:374,1
DA:375,1
DA:376,1
DA:377,1
DA:378,1
DA:379,1
DA:380,1
DA:381,1
DA:382,1
DA:383,1
DA:384,1
DA:385,1
DA:386,1
DA:387,1
DA:388,1
DA:389,1
DA:390,1
DA:391,1
DA:392,1
DA:393,1
DA:394,1
DA:395,1
DA:396,1
DA:397,1
DA:398,1
DA:399,1
DA:400,1
DA:401,1
DA:402,1
DA:403,1
DA:404,1
DA:405,1
DA:406,1
DA:407,1
DA:408,1
DA:409,1
DA:410,1
DA:411,1
DA:412,1
DA:413,1
DA:414,1
DA:415,1
DA:416,1
DA:417,1
DA:418,1
DA:419,1
DA:420,1
DA:421,1
DA:422,1
DA:423,1
DA:424,1
DA:425,1
DA:426,1
DA:427,1
DA:428,1
DA:429,1
DA:430,1
DA:431,1
DA:432,1
DA:433,1
DA:434,1
DA:435,1
DA:436,1
DA:437,1
DA:438,1
DA:439,1
DA:440,1
DA:441,1
DA:442,1
DA:443,1
DA:444,1
DA:445,1
DA:446,1
DA:447,1
DA:448,1
DA:449,1
DA:450,1
DA:451,1
DA:452,1
DA:453,1
DA:454,1
DA:455,1
DA:456,1
DA:457,1
DA:458,1
DA:459,1
DA:460,1
DA:461,1
DA:462,1
DA:463,1
DA:464,1
DA:465,1
DA:466,1
DA:467,1
DA:468,1
DA:469,1
DA:470,1
DA:471,1
DA:472,1
DA:473,1
DA:474,1
DA:475,1
DA:476,1
DA:477,1
DA:478,1
DA:479,1
DA:480,1
DA:481,1
DA:482,1
DA:483,1
DA:484,1
DA:485,1
DA:486,1
DA:487,1
DA:488,1
DA:489,1
DA:490,1
DA:491,1
DA:492,1
DA:493,1
DA:494,1
DA:495,1
DA:496,1
DA:497,1
DA:498,1
DA:499,1
DA:500,1
DA:501,1
DA:502,1
DA:503,1
DA:504,1
DA:505,1
DA:506,1
DA:507,1
DA:508,1
DA:509,1
DA:510,1
DA:511,1
DA:512,1
DA:513,1
DA:514,1
DA:515,1
DA:516,1
DA:517,1
DA:518,1
DA:519,1
DA:520,1
DA:521,1
DA:522,1
DA:523,1
DA:524,1
DA:525,1
DA:526,1
DA:527,1
DA:528,1
DA:529,1
DA:530,1
DA:531,1
DA:532,1
DA:533,1
DA:534,1
DA:535,1
DA:536,1
DA:537,1
DA:538,1
DA:539,1
DA:540,1
DA:541,1
DA:542,1
DA:543,1
DA:544,1
DA:545,1
DA:546,1
DA:547,1
DA:548,1
DA:549,1
DA:550,1
DA:551,1
DA:552,1
DA:553,1
DA:554,1
DA:555,1
DA:556,1
DA:557,1
DA:558,1
DA:559,1
DA:560,1
DA:561,1
DA:562,1
DA:563,1
DA:564,1
DA:565,1
DA:566,1
DA:567,1
DA:568,1
DA:569,1
DA:570,1
DA:571,1
DA:572,1
DA:573,1
DA:574,1
DA:575,1
DA:576,1
DA:577,1
DA:578,1
DA:579,1
DA:580,1
DA:581,1
DA:582,1
DA:583,1
DA:584,1
DA:585,1
DA:586,1
DA:587,1
DA:588,1
DA:589,1
DA:590,1
DA:591,1
DA:592,1
DA:593,1
DA:594,1
DA:595,1
DA:596,1
DA:597,1
DA:598,1
DA:599,1
DA:600,1
DA:601,1
DA:602,1
DA:603,1
DA:604,1
DA:605,1
DA:606,1
DA:607,1
DA:608,1
DA:609,1
DA:610,1
DA:611,1
DA:612,1
DA:613,1
DA:614,1
DA:615,1
DA:616,1
DA:617,1
DA:618,1
DA:619,1
DA:620,1
DA:621,1
DA:622,1
DA:623,1
DA:624,1
DA:625,1
DA:626,1
DA:627,1
DA:628,1
DA:629,1
DA:630,1
DA:631,1
DA:632,1
DA:633,1
DA:634,1
DA:635,1
DA:636,1
DA:637,1
DA:638,1
DA:639,1
DA:640,1
DA:641,1
DA:642,1
DA:643,1
DA:644,1
DA:645,1
DA:646,1
DA:647,1
DA:648,1
DA:649,1
DA:650,1
DA:651,1
DA:652,1
DA:653,1
DA:654,1
DA:655,1
DA:656,0
DA:657,0
DA:658,0
DA:659,0
DA:660,0
DA:661,0
DA:662,0
DA:663,0
DA:664,0
DA:665,0
DA:666,0
DA:667,0
DA:668,0
DA:669,0
DA:670,0
DA:671,0
DA:672,0
DA:673,1
DA:674,1
DA:675,1
DA:676,1
DA:677,1
DA:678,1
DA:679,1
DA:680,1
DA:681,1
DA:682,1
DA:683,1
DA:684,1
DA:685,1
DA:686,1
DA:687,1
DA:688,1
DA:689,1
DA:690,1
DA:691,1
DA:692,1
DA:693,1
DA:694,1
DA:695,1
DA:696,1
DA:697,1
DA:698,1
DA:699,1
DA:700,1
DA:701,1
DA:702,1
DA:703,0
DA:704,0
DA:705,0
DA:706,0
DA:707,0
DA:708,0
DA:709,0
DA:710,0
DA:711,0
DA:712,0
DA:713,0
DA:714,0
DA:715,0
DA:716,0
DA:717,0
DA:718,0
DA:719,0
DA:720,0
DA:721,0
DA:722,0
DA:723,0
DA:724,0
DA:725,0
DA:726,0
DA:727,0
DA:728,0
DA:729,0
DA:730,0
DA:731,0
DA:732,0
DA:733,0
DA:734,0
DA:735,0
DA:736,0
DA:737,0
DA:738,0
DA:739,0
DA:740,0
DA:741,0
DA:742,1
DA:743,1
DA:744,1
DA:745,1
DA:746,1
DA:747,1
DA:748,1
DA:749,1
DA:750,1
DA:751,0
DA:752,0
DA:753,0
DA:754,0
DA:755,0
DA:756,0
DA:757,0
DA:758,0
DA:759,0
DA:760,0
DA:761,0
DA:762,0
DA:763,0
DA:764,0
DA:765,0
DA:766,1
DA:767,1
DA:768,1
DA:769,1
DA:770,1
DA:771,1
DA:772,1
DA:773,1
DA:774,1
DA:775,1
DA:776,1
DA:777,1
DA:778,1
DA:779,1
DA:780,0
DA:781,0
DA:782,0
DA:783,0
DA:784,0
DA:785,0
DA:786,0
DA:787,0
DA:788,0
DA:789,0
DA:790,0
DA:791,0
DA:792,0
DA:793,0
DA:794,0
DA:795,0
DA:796,0
DA:797,0
DA:798,0
DA:799,0
DA:800,0
DA:801,0
DA:802,0
DA:803,0
DA:804,0
DA:805,0
DA:806,0
DA:807,0
DA:808,0
DA:809,0
DA:810,0
DA:811,0
DA:812,0
DA:813,0
DA:814,0
DA:815,0
DA:816,0
DA:817,0
DA:818,0
DA:819,0
DA:820,1
DA:821,1
DA:822,1
DA:823,1
DA:824,1
DA:825,1
DA:826,1
DA:827,1
DA:828,1
DA:829,0
DA:830,0
DA:831,1
DA:832,1
DA:833,1
DA:834,1
DA:835,1
DA:836,1
DA:837,1
DA:838,1
DA:839,1
DA:840,0
DA:841,0
DA:842,0
DA:843,0
DA:844,0
DA:845,0
DA:846,0
DA:847,0
DA:848,0
DA:849,0
DA:850,1
DA:851,1
DA:852,1
DA:853,1
DA:854,1
DA:855,1
DA:856,1
DA:857,1
DA:858,1
DA:859,0
DA:860,0
DA:861,0
DA:862,0
DA:863,0
DA:864,0
DA:865,0
DA:866,1
DA:867,1
DA:868,1
DA:869,1
DA:870,1
DA:871,1
DA:872,1
DA:873,1
DA:874,1
DA:875,0
DA:876,0
DA:877,0
DA:878,0
LF:878
LH:738
BRF:0
BRH:0
end_of_record
TN:
SF:src/components/shared/utils/types.ts
FNF:0
FNH:0
DA:1,1
DA:2,1
DA:3,1
DA:4,1
DA:5,1
LF:5
LH:5
BRF:0
BRH:0
end_of_record
TN:
SF:src/components/shared/utils/array/array.ts
FN:2,shuffleArray
FN:16,flatten
FNF:2
FNH:0
FNDA:0,shuffleArray
FNDA:0,flatten
DA:1,1
DA:2,1
DA:3,0
DA:4,0
DA:5,0
DA:6,0
DA:7,0
DA:8,0
DA:9,0
DA:10,0
DA:11,0
DA:12,0
DA:13,0
DA:14,1
DA:15,1
DA:16,1
LF:16
LH:5
BRF:0
BRH:0
end_of_record
TN:
SF:src/components/shared/utils/array/index.ts
FNF:0
FNH:0
DA:1,1
LF:1
LH:1
BRF:0
BRH:0
end_of_record
TN:
SF:src/components/shared/utils/brand/brand.ts
FN:9,isDomainAllowed
FN:15,getBrandWebsiteName
FN:19,getPlatformConfig
FNF:3
FNH:0
FNDA:0,isDomainAllowed
FNDA:0,getBrandWebsiteName
FNDA:0,getPlatformConfig
DA:1,1
DA:2,1
DA:3,1
DA:4,1
DA:5,1
DA:6,1
DA:7,1
DA:8,1
DA:9,1
DA:10,0
DA:11,0
DA:12,0
DA:13,0
DA:14,1
DA:15,1
DA:16,0
DA:17,0
DA:18,1
DA:19,1
DA:20,0
DA:21,0
DA:22,0
DA:23,0
DA:24,0
DA:25,0
DA:26,0
DA:27,0
DA:28,0
LF:28
LH:13
BRF:0
BRH:0
end_of_record
TN:
SF:src/components/shared/utils/brand/index.ts
FNF:0
FNH:0
DA:1,1
LF:1
LH:1
BRF:0
BRH:0
end_of_record
TN:
SF:src/components/shared/utils/browser/browser_detect.ts
FN:8,isSafari
FN:17,getUserBrowser
FN:33,isSafariBrowser
FNF:3
FNH:0
FNDA:0,isSafari
FNDA:0,getUserBrowser
FNDA:0,isSafariBrowser
DA:1,1
DA:2,1
DA:3,1
DA:4,1
DA:5,1
DA:6,1
DA:7,1
DA:8,1
DA:9,0
DA:10,0
DA:11,0
DA:12,0
DA:13,0
DA:14,0
DA:15,0
DA:16,1
DA:17,1
DA:18,0
DA:19,0
DA:20,0
DA:21,0
DA:22,0
DA:23,0
DA:24,0
DA:25,0
DA:26,0
DA:27,0
DA:28,0
DA:29,0
DA:30,0
DA:31,0
DA:32,1
DA:33,1
LF:33
LH:12
BRF:0
BRH:0
end_of_record
TN:
SF:src/components/shared/utils/browser/index.ts
FNF:0
FNH:0
DA:1,1
LF:1
LH:1
BRF:0
BRH:0
end_of_record
TN:
SF:src/components/shared/utils/config/config.ts
FN:61,isProduction
FN:71,isLocal
FN:73,getDefaultServerURL
FN:96,getSocketURL
FN:100,getDebugServiceWorker
FN:113,generateOAuthURL
FNF:6
FNH:2
FNDA:2,isProduction
FNDA:0,isLocal
FNDA:0,getDefaultServerURL
FNDA:0,getSocketURL
FNDA:0,getDebugServiceWorker
FNDA:5,generateOAuthURL
DA:1,1
DA:2,1
DA:3,1
DA:4,1
DA:5,1
DA:6,1
DA:7,1
DA:8,1
DA:9,1
DA:10,1
DA:11,1
DA:12,1
DA:13,1
DA:14,1
DA:15,1
DA:16,1
DA:17,1
DA:18,1
DA:19,1
DA:20,1
DA:21,1
DA:22,1
DA:23,1
DA:24,1
DA:25,1
DA:26,1
DA:27,1
DA:28,1
DA:29,1
DA:30,1
DA:31,1
DA:32,1
DA:33,1
DA:34,1
DA:35,1
DA:36,1
DA:37,1
DA:38,1
DA:39,1
DA:40,1
DA:41,1
DA:42,1
DA:43,1
DA:44,1
DA:45,1
DA:46,1
DA:47,1
DA:48,1
DA:49,1
DA:50,1
DA:51,1
DA:52,1
DA:53,1
DA:54,1
DA:55,1
DA:56,1
DA:57,1
DA:58,1
DA:59,1
DA:60,1
DA:61,1
DA:62,2
DA:63,2
DA:64,2
DA:65,2
DA:66,2
DA:67,2
DA:68,2
DA:69,2
DA:70,1
DA:71,1
DA:72,1
DA:73,1
DA:74,0
DA:75,0
DA:76,0
DA:77,0
DA:78,0
DA:79,0
DA:80,0
DA:81,0
DA:82,0
DA:83,0
DA:84,1
DA:85,1
DA:86,1
DA:87,1
DA:88,1
DA:89,1
DA:90,1
DA:91,1
DA:92,1
DA:93,1
DA:94,1
DA:95,1
DA:96,1
DA:97,0
DA:98,0
DA:99,1
DA:100,1
DA:101,0
DA:102,0
DA:103,0
DA:104,0
DA:105,0
DA:106,1
DA:107,1
DA:108,1
DA:109,1
DA:110,1
DA:111,1
DA:112,1
DA:113,1
DA:114,5
DA:115,5
DA:116,5
DA:117,5
DA:118,5
DA:119,5
DA:120,5
DA:121,5
DA:122,5
DA:123,5
DA:124,5
DA:125,5
DA:126,5
DA:127,5
DA:128,5
DA:129,5
DA:130,5
DA:131,5
DA:132,5
DA:133,5
DA:134,0
DA:135,0
DA:136,0
DA:137,0
DA:138,0
DA:139,0
DA:140,0
DA:141,0
DA:142,0
DA:143,5
DA:144,5
DA:145,5
DA:146,5
DA:147,0
DA:148,0
DA:149,0
DA:150,0
DA:151,0
DA:152,0
DA:153,0
DA:154,0
DA:155,0
DA:156,0
DA:157,0
DA:158,0
DA:159,5
DA:160,5
DA:161,5
DA:162,5
DA:163,0
DA:164,0
DA:165,0
DA:166,0
DA:167,0
DA:168,0
DA:169,0
DA:170,0
DA:171,0
DA:172,5
DA:173,5
DA:174,1
DA:175,1
DA:176,4
DA:177,5
DA:178,0
DA:179,0
DA:180,0
DA:181,5
LF:181
LH:131
BRDA:61,0,0,2
BRDA:63,1,0,0
BRDA:64,2,0,0
BRDA:113,3,0,5
BRDA:116,4,0,0
BRDA:133,5,0,0
BRDA:146,6,0,0
BRDA:162,7,0,0
BRDA:173,8,0,1
BRDA:176,9,0,4
BRDA:177,10,0,0
BRF:11
BRH:4
end_of_record
TN:
SF:src/components/shared/utils/config/index.ts
FNF:0
FNH:0
DA:1,1
LF:1
LH:1
BRF:0
BRH:0
end_of_record
TN:
SF:src/components/shared/utils/constants/auth-status-codes.ts
FNF:0
FNH:0
DA:1,1
DA:2,1
DA:3,1
DA:4,1
DA:5,1
DA:6,1
DA:7,1
DA:8,1
LF:8
LH:8
BRF:0
BRH:0
end_of_record
TN:
SF:src/components/shared/utils/constants/barriers.ts
FNF:0
FNH:0
DA:1,1
DA:2,1
DA:3,1
DA:4,1
DA:5,1
DA:6,1
DA:7,1
DA:8,1
DA:9,1
DA:10,1
DA:11,1
DA:12,1
DA:13,1
DA:14,1
DA:15,1
DA:16,1
DA:17,1
DA:18,1
DA:19,1
DA:20,1
DA:21,1
DA:22,1
DA:23,1
DA:24,1
DA:25,1
DA:26,1
DA:27,1
DA:28,1
DA:29,1
DA:30,1
DA:31,1
DA:32,1
DA:33,1
DA:34,1
DA:35,1
DA:36,1
DA:37,1
DA:38,1
DA:39,1
DA:40,1
DA:41,1
DA:42,1
DA:43,1
DA:44,1
DA:45,1
DA:46,1
LF:46
LH:46
BRF:0
BRH:0
end_of_record
TN:
SF:src/components/shared/utils/constants/contract.ts
FN:7,getLocalizedBasis
FN:40,getCardLabels
FN:83,getMarketNamesMap
FN:188,getUnsupportedContracts
FN:206,getSupportedContracts
FN:353,getContractConfig
FN:358,getContractTypeDisplay
FN:366,getContractTypeFeatureFlag
FN:371,getContractTypePosition
FN:374,isCallPut
FNF:10
FNH:0
FNDA:0,getLocalizedBasis
FNDA:0,getCardLabels
FNDA:0,getMarketNamesMap
FNDA:0,getUnsupportedContracts
FNDA:0,getSupportedContracts
FNDA:0,getContractConfig
FNDA:0,getContractTypeDisplay
FNDA:0,getContractTypeFeatureFlag
FNDA:0,getContractTypePosition
FNDA:0,isCallPut
DA:1,1
DA:2,1
DA:3,1
DA:4,1
DA:5,1
DA:6,1
DA:7,1
DA:8,0
DA:9,0
DA:10,0
DA:11,0
DA:12,0
DA:13,0
DA:14,0
DA:15,0
DA:16,1
DA:17,1
DA:18,1
DA:19,1
DA:20,1
DA:21,1
DA:22,1
DA:23,1
DA:24,1
DA:25,1
DA:26,1
DA:27,1
DA:28,1
DA:29,1
DA:30,1
DA:31,1
DA:32,1
DA:33,1
DA:34,1
DA:35,1
DA:36,1
DA:37,1
DA:38,1
DA:39,1
DA:40,1
DA:41,0
DA:42,0
DA:43,0
DA:44,0
DA:45,0
DA:46,0
DA:47,0
DA:48,0
DA:49,0
DA:50,0
DA:51,0
DA:52,0
DA:53,0
DA:54,0
DA:55,0
DA:56,0
DA:57,0
DA:58,0
DA:59,0
DA:60,0
DA:61,0
DA:62,0
DA:63,0
DA:64,0
DA:65,0
DA:66,0
DA:67,0
DA:68,0
DA:69,0
DA:70,0
DA:71,0
DA:72,0
DA:73,0
DA:74,0
DA:75,0
DA:76,0
DA:77,0
DA:78,0
DA:79,0
DA:80,0
DA:81,1
DA:82,1
DA:83,1
DA:84,0
DA:85,0
DA:86,0
DA:87,0
DA:88,0
DA:89,0
DA:90,0
DA:91,0
DA:92,0
DA:93,0
DA:94,0
DA:95,0
DA:96,0
DA:97,0
DA:98,0
DA:99,0
DA:100,0
DA:101,0
DA:102,0
DA:103,0
DA:104,0
DA:105,0
DA:106,0
DA:107,0
DA:108,0
DA:109,0
DA:110,0
DA:111,0
DA:112,0
DA:113,0
DA:114,0
DA:115,0
DA:116,0
DA:117,0
DA:118,0
DA:119,0
DA:120,0
DA:121,0
DA:122,0
DA:123,0
DA:124,0
DA:125,0
DA:126,0
DA:127,0
DA:128,0
DA:129,0
DA:130,0
DA:131,0
DA:132,0
DA:133,0
DA:134,0
DA:135,0
DA:136,0
DA:137,0
DA:138,0
DA:139,0
DA:140,0
DA:141,0
DA:142,0
DA:143,0
DA:144,0
DA:145,0
DA:146,0
DA:147,0
DA:148,0
DA:149,0
DA:150,0
DA:151,0
DA:152,0
DA:153,0
DA:154,0
DA:155,0
DA:156,0
DA:157,0
DA:158,0
DA:159,0
DA:160,0
DA:161,0
DA:162,0
DA:163,0
DA:164,0
DA:165,0
DA:166,0
DA:167,0
DA:168,0
DA:169,0
DA:170,0
DA:171,0
DA:172,0
DA:173,0
DA:174,0
DA:175,0
DA:176,0
DA:177,0
DA:178,0
DA:179,0
DA:180,0
DA:181,0
DA:182,0
DA:183,0
DA:184,0
DA:185,0
DA:186,1
DA:187,1
DA:188,1
DA:189,0
DA:190,0
DA:191,0
DA:192,0
DA:193,0
DA:194,0
DA:195,0
DA:196,0
DA:197,0
DA:198,1
DA:199,1
DA:200,1
DA:201,1
DA:202,1
DA:203,1
DA:204,1
DA:205,1
DA:206,1
DA:207,0
DA:208,0
DA:209,0
DA:210,0
DA:211,0
DA:212,0
DA:213,0
DA:214,0
DA:215,0
DA:216,0
DA:217,0
DA:218,0
DA:219,0
DA:220,0
DA:221,0
DA:222,0
DA:223,0
DA:224,0
DA:225,0
DA:226,0
DA:227,0
DA:228,0
DA:229,0
DA:230,0
DA:231,0
DA:232,0
DA:233,0
DA:234,0
DA:235,0
DA:236,0
DA:237,0
DA:238,0
DA:239,0
DA:240,0
DA:241,0
DA:242,0
DA:243,0
DA:244,0
DA:245,0
DA:246,0
DA:247,0
DA:248,0
DA:249,0
DA:250,0
DA:251,0
DA:252,0
DA:253,0
DA:254,0
DA:255,0
DA:256,0
DA:257,0
DA:258,0
DA:259,0
DA:260,0
DA:261,0
DA:262,0
DA:263,0
DA:264,0
DA:265,0
DA:266,0
DA:267,0
DA:268,0
DA:269,0
DA:270,0
DA:271,0
DA:272,0
DA:273,0
DA:274,0
DA:275,0
DA:276,0
DA:277,0
DA:278,0
DA:279,0
DA:280,0
DA:281,0
DA:282,0
DA:283,0
DA:284,0
DA:285,0
DA:286,0
DA:287,0
DA:288,0
DA:289,0
DA:290,0
DA:291,0
DA:292,0
DA:293,0
DA:294,0
DA:295,0
DA:296,0
DA:297,0
DA:298,0
DA:299,0
DA:300,0
DA:301,0
DA:302,0
DA:303,0
DA:304,0
DA:305,0
DA:306,0
DA:307,0
DA:308,0
DA:309,0
DA:310,0
DA:311,0
DA:312,0
DA:313,0
DA:314,0
DA:315,0
DA:316,0
DA:317,0
DA:318,0
DA:319,0
DA:320,0
DA:321,0
DA:322,0
DA:323,0
DA:324,0
DA:325,0
DA:326,0
DA:327,0
DA:328,0
DA:329,0
DA:330,0
DA:331,0
DA:332,0
DA:333,0
DA:334,0
DA:335,0
DA:336,0
DA:337,0
DA:338,0
DA:339,0
DA:340,0
DA:341,0
DA:342,0
DA:343,0
DA:344,0
DA:345,0
DA:346,0
DA:347,0
DA:348,0
DA:349,0
DA:350,0
DA:351,1
DA:352,1
DA:353,1
DA:354,0
DA:355,0
DA:356,1
DA:357,1
DA:358,1
DA:359,0
DA:360,0
DA:361,0
DA:362,0
DA:363,0
DA:364,0
DA:365,1
DA:366,1
DA:367,0
DA:368,0
DA:369,0
DA:370,1
DA:371,1
DA:372,1
DA:373,1
DA:374,1
DA:375,0
DA:376,0
DA:377,1
LF:377
LH:61
BRF:0
BRH:0
end_of_record
TN:
SF:src/components/shared/utils/constants/default-options.ts
FN:7,getIDVNotApplicableOption
FN:18,getSearchNotFoundOption
FNF:2
FNH:0
FNDA:0,getIDVNotApplicableOption
FNDA:0,getSearchNotFoundOption
DA:1,1
DA:2,1
DA:3,1
DA:4,1
DA:5,1
DA:6,1
DA:7,1
DA:8,0
DA:9,0
DA:10,0
DA:11,0
DA:12,0
DA:13,1
DA:14,1
DA:15,1
DA:16,1
DA:17,1
DA:18,1
LF:18
LH:13
BRF:0
BRH:0
end_of_record
TN:
SF:src/components/shared/utils/constants/error.ts
FN:3,getDefaultError
FN:9,getAuthError
FNF:2
FNH:1
FNDA:6,getDefaultError
FNDA:0,getAuthError
DA:1,1
DA:2,1
DA:3,1
DA:4,6
DA:5,6
DA:6,6
DA:7,1
DA:8,1
DA:9,1
DA:10,0
DA:11,0
DA:12,0
DA:13,1
DA:14,1
DA:15,1
DA:16,1
DA:17,1
DA:18,1
DA:19,1
DA:20,1
DA:21,1
DA:22,1
LF:22
LH:19
BRDA:3,0,0,6
BRF:1
BRH:1
end_of_record
TN:
SF:src/components/shared/utils/constants/index.ts
FNF:0
FNH:0
DA:1,1
DA:2,1
DA:3,1
DA:4,1
DA:5,1
DA:6,1
DA:7,1
DA:8,1
DA:9,1
LF:9
LH:9
BRF:0
BRH:0
end_of_record
TN:
SF:src/components/shared/utils/constants/jurisdictions-config.ts
FNF:0
FNH:0
DA:1,1
DA:2,1
DA:3,1
DA:4,1
DA:5,1
DA:6,1
DA:7,1
DA:8,1
DA:9,1
DA:10,1
DA:11,1
DA:12,1
DA:13,1
DA:14,1
DA:15,1
DA:16,1
DA:17,1
DA:18,1
DA:19,1
DA:20,1
DA:21,1
DA:22,1
DA:23,1
DA:24,1
DA:25,1
DA:26,1
DA:27,1
LF:27
LH:27
BRF:0
BRH:0
end_of_record
TN:
SF:src/components/shared/utils/constants/mt5-login-list-status.ts
FNF:0
FNH:0
DA:1,1
DA:2,1
DA:3,1
DA:4,1
DA:5,1
DA:6,1
DA:7,1
DA:8,1
DA:9,1
LF:9
LH:9
BRF:0
BRH:0
end_of_record
TN:
SF:src/components/shared/utils/constants/poi-failure-codes.tsx
FNF:0
FNH:0
DA:1,1
DA:2,1
DA:3,1
DA:4,1
DA:5,1
DA:6,1
DA:7,1
DA:8,1
DA:9,1
DA:10,1
DA:11,1
DA:12,1
DA:13,1
DA:14,1
DA:15,1
DA:16,1
DA:17,1
DA:18,1
DA:19,1
DA:20,1
DA:21,1
DA:22,1
DA:23,1
DA:24,1
DA:25,1
DA:26,1
DA:27,1
DA:28,1
DA:29,1
DA:30,1
DA:31,1
DA:32,1
DA:33,1
DA:34,1
DA:35,1
DA:36,1
DA:37,1
DA:38,1
DA:39,1
DA:40,1
DA:41,1
DA:42,1
DA:43,1
DA:44,1
DA:45,1
DA:46,1
DA:47,1
DA:48,1
DA:49,1
DA:50,1
DA:51,1
DA:52,1
DA:53,1
DA:54,1
DA:55,1
DA:56,1
DA:57,1
DA:58,1
DA:59,1
DA:60,1
DA:61,1
DA:62,1
DA:63,1
DA:64,1
DA:65,1
DA:66,1
DA:67,1
DA:68,1
DA:69,1
DA:70,1
DA:71,1
DA:72,1
DA:73,1
DA:74,1
DA:75,1
DA:76,1
DA:77,1
DA:78,1
DA:79,1
DA:80,1
DA:81,1
DA:82,1
DA:83,1
DA:84,1
DA:85,1
DA:86,1
DA:87,1
DA:88,1
DA:89,1
DA:90,1
DA:91,1
DA:92,1
DA:93,1
DA:94,1
DA:95,1
DA:96,1
DA:97,1
DA:98,1
DA:99,1
DA:100,1
DA:101,1
DA:102,1
DA:103,1
DA:104,1
DA:105,1
DA:106,1
DA:107,1
DA:108,1
DA:109,1
DA:110,1
DA:111,1
DA:112,1
DA:113,1
DA:114,1
DA:115,1
DA:116,1
DA:117,1
DA:118,1
DA:119,1
DA:120,1
DA:121,1
DA:122,1
DA:123,1
DA:124,1
DA:125,1
DA:126,1
DA:127,1
DA:128,1
DA:129,1
DA:130,1
DA:131,1
DA:132,1
DA:133,1
DA:134,1
DA:135,1
DA:136,1
DA:137,1
DA:138,1
DA:139,1
DA:140,1
DA:141,1
DA:142,1
DA:143,1
DA:144,1
DA:145,1
DA:146,1
DA:147,1
DA:148,1
DA:149,1
DA:150,1
DA:151,1
DA:152,1
DA:153,1
DA:154,1
DA:155,1
DA:156,1
DA:157,1
DA:158,1
DA:159,1
DA:160,1
DA:161,1
DA:162,1
DA:163,1
DA:164,1
DA:165,1
DA:166,1
DA:167,1
DA:168,1
DA:169,1
DA:170,1
DA:171,1
DA:172,1
DA:173,1
DA:174,1
DA:175,1
DA:176,1
DA:177,1
DA:178,1
DA:179,1
DA:180,1
DA:181,1
DA:182,1
DA:183,1
DA:184,1
DA:185,1
DA:186,1
DA:187,1
DA:188,1
DA:189,1
DA:190,1
DA:191,1
DA:192,1
DA:193,1
DA:194,1
DA:195,1
DA:196,1
DA:197,1
DA:198,1
DA:199,1
DA:200,1
DA:201,1
DA:202,1
DA:203,1
DA:204,1
DA:205,1
DA:206,1
DA:207,1
DA:208,1
DA:209,1
DA:210,1
DA:211,1
DA:212,1
DA:213,1
DA:214,1
DA:215,1
DA:216,1
DA:217,1
DA:218,1
DA:219,1
DA:220,1
DA:221,1
DA:222,1
DA:223,1
DA:224,1
DA:225,1
DA:226,1
DA:227,1
DA:228,1
DA:229,1
DA:230,1
DA:231,1
DA:232,1
DA:233,1
DA:234,1
DA:235,1
DA:236,1
DA:237,1
DA:238,1
DA:239,1
DA:240,1
DA:241,1
DA:242,1
DA:243,1
DA:244,1
DA:245,1
DA:246,1
DA:247,1
DA:248,1
DA:249,1
DA:250,1
DA:251,1
DA:252,1
DA:253,1
DA:254,1
DA:255,1
DA:256,1
DA:257,1
DA:258,1
DA:259,1
DA:260,1
DA:261,1
DA:262,1
DA:263,1
DA:264,1
DA:265,1
DA:266,1
DA:267,1
DA:268,1
DA:269,1
DA:270,1
DA:271,1
DA:272,1
DA:273,1
DA:274,1
DA:275,1
DA:276,1
DA:277,1
DA:278,1
DA:279,1
DA:280,1
DA:281,1
DA:282,1
DA:283,1
DA:284,1
DA:285,1
DA:286,1
DA:287,1
DA:288,1
DA:289,1
DA:290,1
DA:291,1
DA:292,1
DA:293,1
DA:294,1
DA:295,1
DA:296,1
DA:297,1
DA:298,1
DA:299,1
DA:300,1
DA:301,1
DA:302,1
DA:303,1
DA:304,1
DA:305,1
DA:306,1
DA:307,1
DA:308,1
DA:309,1
DA:310,1
DA:311,1
DA:312,1
DA:313,1
DA:314,1
DA:315,1
DA:316,1
DA:317,1
DA:318,1
DA:319,1
DA:320,1
DA:321,1
DA:322,1
DA:323,1
DA:324,1
DA:325,1
DA:326,1
DA:327,1
DA:328,1
DA:329,1
DA:330,1
DA:331,1
DA:332,1
DA:333,1
DA:334,1
DA:335,1
DA:336,1
DA:337,1
DA:338,1
DA:339,1
DA:340,1
DA:341,1
DA:342,1
DA:343,1
DA:344,1
DA:345,1
DA:346,1
DA:347,1
DA:348,1
DA:349,1
DA:350,1
DA:351,1
DA:352,1
DA:353,1
DA:354,1
DA:355,1
LF:355
LH:355
BRF:0
BRH:0
end_of_record
TN:
SF:src/components/shared/utils/constants/signup_fields.ts
FN:3,getAddressDetailsFields
FN:11,getPersonalDetailsFields
FN:26,getSignupFormFields
FNF:3
FNH:0
FNDA:0,getAddressDetailsFields
FNDA:0,getPersonalDetailsFields
FNDA:0,getSignupFormFields
DA:1,1
DA:2,1
DA:3,1
DA:4,0
DA:5,0
DA:6,0
DA:7,0
DA:8,0
DA:9,1
DA:10,1
DA:11,1
DA:12,0
DA:13,0
DA:14,0
DA:15,0
DA:16,0
DA:17,0
DA:18,0
DA:19,0
DA:20,0
DA:21,0
DA:22,0
DA:23,0
DA:24,1
DA:25,1
DA:26,1
DA:27,1
DA:28,1
DA:29,1
DA:30,1
DA:31,1
DA:32,1
LF:32
LH:15
BRF:0
BRH:0
end_of_record
TN:
SF:src/components/shared/utils/contract/contract-info.ts
FN:3,mockContractInfo
FNF:1
FNH:0
FNDA:0,mockContractInfo
DA:1,1
DA:2,1
DA:3,1
DA:4,0
DA:5,0
DA:6,0
DA:7,0
DA:8,0
DA:9,0
DA:10,0
DA:11,0
DA:12,0
DA:13,0
DA:14,0
DA:15,0
DA:16,0
DA:17,0
DA:18,0
DA:19,0
DA:20,0
DA:21,0
DA:22,0
DA:23,0
DA:24,0
DA:25,0
DA:26,0
DA:27,0
DA:28,0
DA:29,0
DA:30,0
DA:31,0
DA:32,0
DA:33,0
DA:34,0
DA:35,0
DA:36,0
DA:37,0
DA:38,0
DA:39,0
DA:40,0
DA:41,0
DA:42,0
DA:43,0
DA:44,0
DA:45,0
DA:46,0
DA:47,0
DA:48,0
LF:48
LH:3
BRF:0
BRH:0
end_of_record
TN:
SF:src/components/shared/utils/contract/contract-types.ts
FNF:0
FNH:0
DA:1,1
DA:2,1
DA:3,1
DA:4,1
DA:5,1
DA:6,1
DA:7,1
DA:8,1
DA:9,1
DA:10,1
DA:11,1
DA:12,1
DA:13,1
DA:14,1
DA:15,1
DA:16,1
DA:17,1
DA:18,1
DA:19,1
DA:20,1
DA:21,1
DA:22,1
DA:23,1
DA:24,1
DA:25,1
DA:26,1
DA:27,1
DA:28,1
DA:29,1
DA:30,1
DA:31,1
DA:32,1
DA:33,1
DA:34,1
DA:35,1
DA:36,1
DA:37,1
DA:38,1
DA:39,1
DA:40,1
DA:41,1
DA:42,1
DA:43,1
DA:44,1
DA:45,1
DA:46,1
DA:47,1
DA:48,1
DA:49,1
LF:49
LH:49
BRF:0
BRH:0
end_of_record
TN:
SF:src/components/shared/utils/contract/contract.tsx
FN:104,getContractStatus
FN:111,getFinalPrice
FN:113,getIndicativePrice
FN:118,getCancellationPrice
FN:123,isEnded
FN:130,isOpen
FN:132,isUserSold
FN:134,isValidToCancel
FN:136,isValidToSell
FN:139,hasContractEntered
FN:141,hasBarrier
FN:143,hasTwoBarriers
FN:145,isAccumulatorContract
FN:147,isAccumulatorContractOpen
FN:151,isMultiplierContract
FN:153,isTouchContract
FN:155,isTurbosContract
FN:157,isVanillaContract
FN:159,isVanillaFxContract
FN:162,isSmartTraderContract
FN:165,isAsiansContract
FN:167,isLookBacksContract
FN:169,isTicksContract
FN:171,isResetContract
FN:173,isCryptoContract
FN:175,getAccuBarriersDefaultTimeout
FN:179,getAccuBarriersDTraderTimeout
FN:192,getAccuBarriersForContractDetails
FN:201,getCurrentTick
FN:210,getLastContractMarkerIndex
FN:218,getLastTickFromTickStream
FN:220,isDigitContract
FN:222,getDigitInfo
FN:238,getTotalProfit
FN:241,createDigitInfo
FN:252,getLimitOrderAmount
FN:265,getTimePercentage
FN:279,getGrowthRatePercentage
FN:281,getDisplayStatus
FN:295,getContractUpdateConfig
FN:307,shouldShowExpiration
FN:309,shouldShowCancellation
FN:311,getContractSubtype
FN:316,getLocalizedTurbosSubtype
FN:325,clickAndKeyEventHandler
FN:339,getSortedTradeTypes
FN:349,isForwardStartingBuyTransaction
FNF:47
FNH:0
FNDA:0,getContractStatus
FNDA:0,getFinalPrice
FNDA:0,getIndicativePrice
FNDA:0,getCancellationPrice
FNDA:0,isEnded
FNDA:0,isOpen
FNDA:0,isUserSold
FNDA:0,isValidToCancel
FNDA:0,isValidToSell
FNDA:0,hasContractEntered
FNDA:0,hasBarrier
FNDA:0,hasTwoBarriers
FNDA:0,isAccumulatorContract
FNDA:0,isAccumulatorContractOpen
FNDA:0,isMultiplierContract
FNDA:0,isTouchContract
FNDA:0,isTurbosContract
FNDA:0,isVanillaContract
FNDA:0,isVanillaFxContract
FNDA:0,isSmartTraderContract
FNDA:0,isAsiansContract
FNDA:0,isLookBacksContract
FNDA:0,isTicksContract
FNDA:0,isResetContract
FNDA:0,isCryptoContract
FNDA:0,getAccuBarriersDefaultTimeout
FNDA:0,getAccuBarriersDTraderTimeout
FNDA:0,getAccuBarriersForContractDetails
FNDA:0,getCurrentTick
FNDA:0,getLastContractMarkerIndex
FNDA:0,getLastTickFromTickStream
FNDA:0,isDigitContract
FNDA:0,getDigitInfo
FNDA:0,getTotalProfit
FNDA:0,createDigitInfo
FNDA:0,getLimitOrderAmount
FNDA:0,getTimePercentage
FNDA:0,getGrowthRatePercentage
FNDA:0,getDisplayStatus
FNDA:0,getContractUpdateConfig
FNDA:0,shouldShowExpiration
FNDA:0,shouldShowCancellation
FNDA:0,getContractSubtype
FNDA:0,getLocalizedTurbosSubtype
FNDA:0,clickAndKeyEventHandler
FNDA:0,getSortedTradeTypes
FNDA:0,isForwardStartingBuyTransaction
DA:1,1
DA:2,1
DA:3,1
DA:4,1
DA:5,1
DA:6,1
DA:7,1
DA:8,1
DA:9,1
DA:10,1
DA:11,1
DA:12,1
DA:13,1
DA:14,1
DA:15,1
DA:16,1
DA:17,1
DA:18,1
DA:19,1
DA:20,1
DA:21,1
DA:22,1
DA:23,1
DA:24,1
DA:25,1
DA:26,1
DA:27,1
DA:28,1
DA:29,1
DA:30,1
DA:31,1
DA:32,1
DA:33,1
DA:34,1
DA:35,1
DA:36,1
DA:37,1
DA:38,1
DA:39,1
DA:40,1
DA:41,1
DA:42,1
DA:43,1
DA:44,1
DA:45,1
DA:46,1
DA:47,1
DA:48,1
DA:49,1
DA:50,1
DA:51,1
DA:52,1
DA:53,1
DA:54,1
DA:55,1
DA:56,1
DA:57,1
DA:58,1
DA:59,1
DA:60,1
DA:61,1
DA:62,1
DA:63,1
DA:64,1
DA:65,1
DA:66,1
DA:67,1
DA:68,1
DA:69,1
DA:70,1
DA:71,1
DA:72,1
DA:73,1
DA:74,1
DA:75,1
DA:76,1
DA:77,1
DA:78,1
DA:79,1
DA:80,1
DA:81,1
DA:82,1
DA:83,1
DA:84,1
DA:85,1
DA:86,1
DA:87,1
DA:88,1
DA:89,1
DA:90,1
DA:91,1
DA:92,1
DA:93,1
DA:94,1
DA:95,1
DA:96,1
DA:97,1
DA:98,1
DA:99,1
DA:100,1
DA:101,1
DA:102,1
DA:103,1
DA:104,1
DA:105,0
DA:106,0
DA:107,0
DA:108,0
DA:109,0
DA:110,1
DA:111,1
DA:112,1
DA:113,1
DA:114,0
DA:115,0
DA:116,1
DA:117,1
DA:118,1
DA:119,0
DA:120,0
DA:121,0
DA:122,1
DA:123,1
DA:124,0
DA:125,0
DA:126,0
DA:127,0
DA:128,1
DA:129,1
DA:130,1
DA:131,1
DA:132,1
DA:133,1
DA:134,1
DA:135,1
DA:136,1
DA:137,1
DA:138,1
DA:139,1
DA:140,1
DA:141,1
DA:142,1
DA:143,1
DA:144,1
DA:145,1
DA:146,1
DA:147,1
DA:148,0
DA:149,0
DA:150,1
DA:151,1
DA:152,1
DA:153,1
DA:154,1
DA:155,1
DA:156,1
DA:157,1
DA:158,1
DA:159,1
DA:160,1
DA:161,1
DA:162,1
DA:163,1
DA:164,1
DA:165,1
DA:166,1
DA:167,1
DA:168,1
DA:169,1
DA:170,1
DA:171,1
DA:172,1
DA:173,1
DA:174,1
DA:175,1
DA:176,0
DA:177,0
DA:178,1
DA:179,1
DA:180,0
DA:181,0
DA:182,0
DA:183,0
DA:184,0
DA:185,0
DA:186,0
DA:187,0
DA:188,0
DA:189,0
DA:190,0
DA:191,1
DA:192,1
DA:193,0
DA:194,0
DA:195,0
DA:196,0
DA:197,0
DA:198,0
DA:199,0
DA:200,1
DA:201,1
DA:202,0
DA:203,0
DA:204,0
DA:205,0
DA:206,0
DA:207,0
DA:208,0
DA:209,1
DA:210,1
DA:211,0
DA:212,0
DA:213,0
DA:214,0
DA:215,0
DA:216,0
DA:217,1
DA:218,1
DA:219,1
DA:220,1
DA:221,1
DA:222,1
DA:223,0
DA:224,0
DA:225,0
DA:226,0
DA:227,0
DA:228,0
DA:229,0
DA:230,0
DA:231,0
DA:232,0
DA:233,0
DA:234,0
DA:235,0
DA:236,0
DA:237,1
DA:238,1
DA:239,1
DA:240,1
DA:241,1
DA:242,0
DA:243,0
DA:244,0
DA:245,0
DA:246,0
DA:247,0
DA:248,0
DA:249,0
DA:250,0
DA:251,1
DA:252,1
DA:253,0
DA:254,0
DA:255,0
DA:256,0
DA:257,0
DA:258,0
DA:259,0
DA:260,0
DA:261,0
DA:262,0
DA:263,0
DA:264,1
DA:265,1
DA:266,0
DA:267,0
DA:268,0
DA:269,0
DA:270,0
DA:271,0
DA:272,0
DA:273,0
DA:274,0
DA:275,0
DA:276,0
DA:277,0
DA:278,1
DA:279,1
DA:280,1
DA:281,1
DA:282,0
DA:283,0
DA:284,0
DA:285,0
DA:286,0
DA:287,0
DA:288,1
DA:289,1
DA:290,1
DA:291,1
DA:292,1
DA:293,1
DA:294,1
DA:295,1
DA:296,0
DA:297,0
DA:298,0
DA:299,0
DA:300,0
DA:301,0
DA:302,0
DA:303,0
DA:304,0
DA:305,0
DA:306,1
DA:307,1
DA:308,1
DA:309,1
DA:310,1
DA:311,1
DA:312,0
DA:313,0
DA:314,1
DA:315,1
DA:316,1
DA:317,0
DA:318,0
DA:319,0
DA:320,0
DA:321,0
DA:322,0
DA:323,0
DA:324,1
DA:325,1
DA:326,0
DA:327,0
DA:328,0
DA:329,0
DA:330,0
DA:331,0
DA:332,0
DA:333,0
DA:334,0
DA:335,0
DA:336,0
DA:337,0
DA:338,1
DA:339,1
DA:340,0
DA:341,0
DA:342,0
DA:343,0
DA:344,0
DA:345,0
DA:346,0
DA:347,0
DA:348,1
DA:349,1
DA:350,1
LF:350
LH:210
BRF:0
BRH:0
end_of_record
TN:
SF:src/components/shared/utils/contract/index.ts
FNF:0
FNH:0
DA:1,1
DA:2,1
DA:3,1
DA:4,1
LF:4
LH:4
BRF:0
BRH:0
end_of_record
TN:
SF:src/components/shared/utils/contract/trade-url-params-config.ts
FN:52,getParamTextByValue
FN:55,getTradeURLParams
FN:88,setTradeURLParams
FNF:3
FNH:0
FNDA:0,getParamTextByValue
FNDA:0,getTradeURLParams
FNDA:0,setTradeURLParams
DA:1,1
DA:2,1
DA:3,1
DA:4,1
DA:5,1
DA:6,1
DA:7,1
DA:8,1
DA:9,1
DA:10,1
DA:11,1
DA:12,1
DA:13,1
DA:14,1
DA:15,1
DA:16,1
DA:17,1
DA:18,1
DA:19,1
DA:20,1
DA:21,1
DA:22,1
DA:23,1
DA:24,1
DA:25,1
DA:26,1
DA:27,1
DA:28,1
DA:29,1
DA:30,1
DA:31,1
DA:32,1
DA:33,1
DA:34,1
DA:35,1
DA:36,1
DA:37,1
DA:38,1
DA:39,1
DA:40,1
DA:41,1
DA:42,1
DA:43,1
DA:44,1
DA:45,1
DA:46,1
DA:47,1
DA:48,1
DA:49,1
DA:50,1
DA:51,1
DA:52,1
DA:53,1
DA:54,1
DA:55,1
DA:56,0
DA:57,0
DA:58,0
DA:59,0
DA:60,0
DA:61,0
DA:62,0
DA:63,0
DA:64,0
DA:65,0
DA:66,0
DA:67,0
DA:68,0
DA:69,0
DA:70,0
DA:71,0
DA:72,0
DA:73,0
DA:74,0
DA:75,0
DA:76,0
DA:77,0
DA:78,0
DA:79,0
DA:80,0
DA:81,0
DA:82,0
DA:83,0
DA:84,0
DA:85,0
DA:86,0
DA:87,1
DA:88,1
DA:89,0
DA:90,0
DA:91,0
DA:92,0
DA:93,0
DA:94,0
DA:95,0
DA:96,0
DA:97,0
DA:98,0
DA:99,0
DA:100,0
DA:101,0
DA:102,0
LF:102
LH:57
BRF:0
BRH:0
end_of_record
TN:
SF:src/components/shared/utils/currency/currency.ts
FN:46,reorderCurrencies
FN:70,getRoundedNumber
FN:74,getFormattedText
FN:81,formatMoney
FN:107,formatCurrency
FN:111,addComma
FN:125,calcDecimalPlaces
FN:129,getDecimalPlaces
FN:136,isCryptocurrency
FN:143,initCryptoConfig
FN:292,get
FN:301,getMinWithdrawal
FN:305,getTransferFee
FN:315,getCurrencyDisplayCode
FN:321,getCurrencyName
FN:324,getMinPayout
FN:328,getCurrencies
FNF:17
FNH:0
FNDA:0,reorderCurrencies
FNDA:0,getRoundedNumber
FNDA:0,getFormattedText
FNDA:0,formatMoney
FNDA:0,formatCurrency
FNDA:0,addComma
FNDA:0,calcDecimalPlaces
FNDA:0,getDecimalPlaces
FNDA:0,isCryptocurrency
FNDA:0,initCryptoConfig
FNDA:0,get
FNDA:0,getMinWithdrawal
FNDA:0,getTransferFee
FNDA:0,getCurrencyDisplayCode
FNDA:0,getCurrencyName
FNDA:0,getMinPayout
FNDA:0,getCurrencies
DA:1,1
DA:2,1
DA:3,1
DA:4,1
DA:5,1
DA:6,1
DA:7,1
DA:8,1
DA:9,1
DA:10,1
DA:11,1
DA:12,1
DA:13,1
DA:14,1
DA:15,1
DA:16,1
DA:17,1
DA:18,1
DA:19,1
DA:20,1
DA:21,1
DA:22,1
DA:23,1
DA:24,1
DA:25,1
DA:26,1
DA:27,1
DA:28,1
DA:29,1
DA:30,1
DA:31,1
DA:32,1
DA:33,1
DA:34,1
DA:35,1
DA:36,1
DA:37,1
DA:38,1
DA:39,1
DA:40,1
DA:41,1
DA:42,1
DA:43,1
DA:44,1
DA:45,1
DA:46,1
DA:47,0
DA:48,0
DA:49,0
DA:50,0
DA:51,0
DA:52,0
DA:53,0
DA:54,0
DA:55,0
DA:56,0
DA:57,0
DA:58,0
DA:59,0
DA:60,0
DA:61,0
DA:62,1
DA:63,1
DA:64,1
DA:65,1
DA:66,1
DA:67,1
DA:68,1
DA:69,1
DA:70,1
DA:71,0
DA:72,0
DA:73,1
DA:74,1
DA:75,0
DA:76,0
DA:77,1
DA:78,1
DA:79,1
DA:80,1
DA:81,1
DA:82,0
DA:83,0
DA:84,0
DA:85,0
DA:86,0
DA:87,0
DA:88,0
DA:89,0
DA:90,0
DA:91,0
DA:92,0
DA:93,0
DA:94,0
DA:95,0
DA:96,0
DA:97,0
DA:98,0
DA:99,0
DA:100,0
DA:101,0
DA:102,0
DA:103,0
DA:104,0
DA:105,0
DA:106,1
DA:107,1
DA:108,0
DA:109,0
DA:110,1
DA:111,1
DA:112,0
DA:113,0
DA:114,0
DA:115,0
DA:116,0
DA:117,0
DA:118,0
DA:119,0
DA:120,0
DA:121,0
DA:122,0
DA:123,0
DA:124,1
DA:125,1
DA:126,0
DA:127,0
DA:128,1
DA:129,1
DA:130,0
DA:131,0
DA:132,0
DA:133,1
DA:134,1
DA:135,1
DA:136,1
DA:137,0
DA:138,0
DA:139,1
DA:140,1
DA:141,7
DA:142,7
DA:143,7
DA:144,0
DA:145,0
DA:146,0
DA:147,0
DA:148,0
DA:149,0
DA:150,0
DA:151,0
DA:152,0
DA:153,0
DA:154,0
DA:155,0
DA:156,0
DA:157,0
DA:158,0
DA:159,0
DA:160,0
DA:161,0
DA:162,0
DA:163,0
DA:164,0
DA:165,0
DA:166,0
DA:167,0
DA:168,0
DA:169,0
DA:170,0
DA:171,0
DA:172,0
DA:173,0
DA:174,0
DA:175,0
DA:176,0
DA:177,0
DA:178,0
DA:179,0
DA:180,0
DA:181,0
DA:182,0
DA:183,0
DA:184,0
DA:185,0
DA:186,0
DA:187,0
DA:188,0
DA:189,0
DA:190,0
DA:191,0
DA:192,0
DA:193,0
DA:194,0
DA:195,0
DA:196,0
DA:197,0
DA:198,0
DA:199,0
DA:200,0
DA:201,0
DA:202,0
DA:203,0
DA:204,0
DA:205,0
DA:206,0
DA:207,0
DA:208,0
DA:209,0
DA:210,0
DA:211,0
DA:212,0
DA:213,0
DA:214,0
DA:215,0
DA:216,0
DA:217,0
DA:218,0
DA:219,0
DA:220,0
DA:221,0
DA:222,0
DA:223,0
DA:224,0
DA:225,0
DA:226,0
DA:227,0
DA:228,0
DA:229,0
DA:230,0
DA:231,0
DA:232,0
DA:233,0
DA:234,0
DA:235,0
DA:236,0
DA:237,0
DA:238,0
DA:239,0
DA:240,0
DA:241,0
DA:242,0
DA:243,0
DA:244,0
DA:245,0
DA:246,0
DA:247,0
DA:248,0
DA:249,0
DA:250,0
DA:251,0
DA:252,0
DA:253,0
DA:254,0
DA:255,0
DA:256,0
DA:257,0
DA:258,0
DA:259,0
DA:260,0
DA:261,0
DA:262,0
DA:263,0
DA:264,0
DA:265,0
DA:266,0
DA:267,0
DA:268,0
DA:269,0
DA:270,0
DA:271,0
DA:272,0
DA:273,0
DA:274,0
DA:275,0
DA:276,0
DA:277,0
DA:278,0
DA:279,0
DA:280,0
DA:281,0
DA:282,0
DA:283,0
DA:284,0
DA:285,0
DA:286,0
DA:287,0
DA:288,0
DA:289,7
DA:290,7
DA:291,7
DA:292,7
DA:293,0
DA:294,0
DA:295,0
DA:296,0
DA:297,7
DA:298,7
DA:299,1
DA:300,1
DA:301,1
DA:302,0
DA:303,0
DA:304,1
DA:305,1
DA:306,0
DA:307,0
DA:308,0
DA:309,0
DA:310,0
DA:311,0
DA:312,0
DA:313,0
DA:314,1
DA:315,1
DA:316,0
DA:317,0
DA:318,0
DA:319,0
DA:320,1
DA:321,1
DA:322,1
DA:323,1
DA:324,1
DA:325,0
DA:326,0
DA:327,1
DA:328,1
DA:329,0
DA:330,0
DA:331,1
DA:332,1
DA:333,1
DA:334,1
DA:335,1
DA:336,1
LF:336
LH:105
BRDA:140,0,0,7
BRF:1
BRH:1
end_of_record
TN:
SF:src/components/shared/utils/currency/index.ts
FNF:0
FNH:0
DA:1,1
LF:1
LH:1
BRF:0
BRH:0
end_of_record
TN:
SF:src/components/shared/utils/date/date-time.ts
FN:10,Object.<anonymous>.moment_1.default.createFromInputFallback
FN:15,initMoment
FN:29,epochToMoment
FN:37,toMoment
FN:54,toLocalFormat
FN:55,getLongDate
FN:67,setTime
FN:82,convertToUnix
FN:84,toGMTFormat
FN:89,formatDate
FN:92,formatTime
FN:100,daysFromTodayTo
FN:110,daysSince
FN:118,diffInMonths
FN:125,getDiffDuration
FN:129,getDateFromNow
FN:143,formatDuration
FN:164,isTimeValid
FN:171,isHourValid
FN:178,isMinuteValid
FN:184,isDateValid
FN:191,addDays
FN:199,addWeeks
FN:206,addMonths
FN:214,addYears
FN:222,subDays
FN:230,subMonths
FN:238,subYears
FN:246,minDate
FN:253,getStartOfMonth
FN:261,formatMilliseconds
FN:274,convertDateFormat
FN:282,convertTimeFormat
FN:296,getTimeSince
FNF:34
FNH:0
FNDA:0,Object.<anonymous>.moment_1.default.createFromInputFallback
FNDA:0,initMoment
FNDA:0,epochToMoment
FNDA:0,toMoment
FNDA:0,toLocalFormat
FNDA:0,getLongDate
FNDA:0,setTime
FNDA:0,convertToUnix
FNDA:0,toGMTFormat
FNDA:0,formatDate
FNDA:0,formatTime
FNDA:0,daysFromTodayTo
FNDA:0,daysSince
FNDA:0,diffInMonths
FNDA:0,getDiffDuration
FNDA:0,getDateFromNow
FNDA:0,formatDuration
FNDA:0,isTimeValid
FNDA:0,isHourValid
FNDA:0,isMinuteValid
FNDA:0,isDateValid
FNDA:0,addDays
FNDA:0,addWeeks
FNDA:0,addMonths
FNDA:0,addYears
FNDA:0,subDays
FNDA:0,subMonths
FNDA:0,subYears
FNDA:0,minDate
FNDA:0,getStartOfMonth
FNDA:0,formatMilliseconds
FNDA:0,convertDateFormat
FNDA:0,convertTimeFormat
FNDA:0,getTimeSince
DA:1,1
DA:2,1
DA:3,1
DA:4,1
DA:5,1
DA:6,1
DA:7,1
DA:8,1
DA:9,1
DA:10,1
DA:11,0
DA:12,0
DA:13,1
DA:14,1
DA:15,1
DA:16,0
DA:17,0
DA:18,0
DA:19,0
DA:20,0
DA:21,0
DA:22,0
DA:23,1
DA:24,1
DA:25,1
DA:26,1
DA:27,1
DA:28,1
DA:29,1
DA:30,1
DA:31,1
DA:32,1
DA:33,1
DA:34,1
DA:35,1
DA:36,1
DA:37,1
DA:38,0
DA:39,0
DA:40,0
DA:41,0
DA:42,0
DA:43,0
DA:44,0
DA:45,0
DA:46,0
DA:47,0
DA:48,0
DA:49,0
DA:50,0
DA:51,0
DA:52,0
DA:53,1
DA:54,1
DA:55,1
DA:56,0
DA:57,0
DA:58,0
DA:59,0
DA:60,1
DA:61,1
DA:62,1
DA:63,1
DA:64,1
DA:65,1
DA:66,1
DA:67,1
DA:68,0
DA:69,0
DA:70,0
DA:71,0
DA:72,0
DA:73,0
DA:74,0
DA:75,1
DA:76,1
DA:77,1
DA:78,1
DA:79,1
DA:80,1
DA:81,1
DA:82,1
DA:83,1
DA:84,1
DA:85,0
DA:86,0
DA:87,1
DA:88,1
DA:89,1
DA:90,1
DA:91,1
DA:92,1
DA:93,1
DA:94,1
DA:95,1
DA:96,1
DA:97,1
DA:98,1
DA:99,1
DA:100,1
DA:101,0
DA:102,0
DA:103,0
DA:104,1
DA:105,1
DA:106,1
DA:107,1
DA:108,1
DA:109,1
DA:110,1
DA:111,0
DA:112,0
DA:113,0
DA:114,1
DA:115,1
DA:116,1
DA:117,1
DA:118,1
DA:119,1
DA:120,1
DA:121,1
DA:122,1
DA:123,1
DA:124,1
DA:125,1
DA:126,1
DA:127,1
DA:128,1
DA:129,1
DA:130,0
DA:131,0
DA:132,0
DA:133,0
DA:134,0
DA:135,0
DA:136,0
DA:137,1
DA:138,1
DA:139,1
DA:140,1
DA:141,1
DA:142,1
DA:143,1
DA:144,0
DA:145,0
DA:146,0
DA:147,0
DA:148,0
DA:149,0
DA:150,0
DA:151,0
DA:152,0
DA:153,0
DA:154,0
DA:155,0
DA:156,0
DA:157,0
DA:158,0
DA:159,1
DA:160,1
DA:161,1
DA:162,1
DA:163,1
DA:164,1
DA:165,1
DA:166,1
DA:167,1
DA:168,1
DA:169,1
DA:170,1
DA:171,1
DA:172,1
DA:173,1
DA:174,1
DA:175,1
DA:176,1
DA:177,1
DA:178,1
DA:179,1
DA:180,1
DA:181,1
DA:182,1
DA:183,1
DA:184,1
DA:185,1
DA:186,1
DA:187,1
DA:188,1
DA:189,1
DA:190,1
DA:191,1
DA:192,1
DA:193,1
DA:194,1
DA:195,1
DA:196,1
DA:197,1
DA:198,1
DA:199,1
DA:200,1
DA:201,1
DA:202,1
DA:203,1
DA:204,1
DA:205,1
DA:206,1
DA:207,1
DA:208,1
DA:209,1
DA:210,1
DA:211,1
DA:212,1
DA:213,1
DA:214,1
DA:215,1
DA:216,1
DA:217,1
DA:218,1
DA:219,1
DA:220,1
DA:221,1
DA:222,1
DA:223,1
DA:224,1
DA:225,1
DA:226,1
DA:227,1
DA:228,1
DA:229,1
DA:230,1
DA:231,1
DA:232,1
DA:233,1
DA:234,1
DA:235,1
DA:236,1
DA:237,1
DA:238,1
DA:239,1
DA:240,1
DA:241,1
DA:242,1
DA:243,1
DA:244,1
DA:245,1
DA:246,1
DA:247,1
DA:248,1
DA:249,1
DA:250,1
DA:251,1
DA:252,1
DA:253,1
DA:254,1
DA:255,1
DA:256,1
DA:257,1
DA:258,1
DA:259,1
DA:260,1
DA:261,1
DA:262,0
DA:263,0
DA:264,0
DA:265,0
DA:266,0
DA:267,1
DA:268,1
DA:269,1
DA:270,1
DA:271,1
DA:272,1
DA:273,1
DA:274,1
DA:275,1
DA:276,1
DA:277,1
DA:278,1
DA:279,1
DA:280,1
DA:281,1
DA:282,1
DA:283,0
DA:284,0
DA:285,0
DA:286,0
DA:287,0
DA:288,0
DA:289,0
DA:290,1
DA:291,1
DA:292,1
DA:293,1
DA:294,1
DA:295,1
DA:296,1
DA:297,0
DA:298,0
DA:299,0
DA:300,0
DA:301,0
DA:302,0
DA:303,0
DA:304,0
DA:305,0
DA:306,0
DA:307,0
DA:308,0
DA:309,0
DA:310,0
LF:310
LH:219
BRF:0
BRH:0
end_of_record
TN:
SF:src/components/shared/utils/date/index.ts
FNF:0
FNH:0
DA:1,1
LF:1
LH:1
BRF:0
BRH:0
end_of_record
TN:
SF:src/components/shared/utils/digital-options/digital-options.ts
FN:18,showDigitalOptionsUnavailableError
FN:38,isEuResidenceWithOnlyVRTC
FNF:2
FNH:0
FNDA:0,showDigitalOptionsUnavailableError
FNDA:0,isEuResidenceWithOnlyVRTC
DA:1,1
DA:2,1
DA:3,1
DA:4,1
DA:5,1
DA:6,1
DA:7,1
DA:8,1
DA:9,1
DA:10,1
DA:11,1
DA:12,1
DA:13,1
DA:14,1
DA:15,1
DA:16,1
DA:17,1
DA:18,1
DA:19,0
DA:20,0
DA:21,0
DA:22,0
DA:23,0
DA:24,0
DA:25,0
DA:26,0
DA:27,0
DA:28,0
DA:29,0
DA:30,0
DA:31,0
DA:32,0
DA:33,0
DA:34,0
DA:35,0
DA:36,0
DA:37,1
DA:38,1
DA:39,0
DA:40,0
DA:41,0
LF:41
LH:20
BRF:0
BRH:0
end_of_record
TN:
SF:src/components/shared/utils/digital-options/index.ts
FNF:0
FNH:0
DA:1,1
LF:1
LH:1
BRF:0
BRH:0
end_of_record
TN:
SF:src/components/shared/utils/dom/index.ts
FNF:0
FNH:0
DA:1,1
LF:1
LH:1
BRF:0
BRH:0
end_of_record
TN:
SF:src/components/shared/utils/dom/position.ts
FN:13,getMaxHeightByAligningBottom
FN:16,getMinHeightByAligningTop
FN:19,getPosition
FNF:3
FNH:0
FNDA:0,getMaxHeightByAligningBottom
FNDA:0,getMinHeightByAligningTop
FNDA:0,getPosition
DA:1,1
DA:2,1
DA:3,1
DA:4,1
DA:5,1
DA:6,1
DA:7,1
DA:8,1
DA:9,1
DA:10,1
DA:11,1
DA:12,1
DA:13,1
DA:14,1
DA:15,1
DA:16,1
DA:17,1
DA:18,1
DA:19,1
DA:20,0
DA:21,0
DA:22,0
DA:23,0
DA:24,0
DA:25,0
DA:26,0
DA:27,0
DA:28,0
DA:29,0
DA:30,0
DA:31,0
DA:32,0
DA:33,0
DA:34,0
DA:35,0
DA:36,0
DA:37,0
DA:38,0
DA:39,0
DA:40,0
DA:41,0
DA:42,0
DA:43,0
DA:44,0
DA:45,0
DA:46,0
DA:47,0
DA:48,0
DA:49,0
DA:50,0
DA:51,0
DA:52,0
DA:53,0
DA:54,0
DA:55,0
DA:56,0
DA:57,0
DA:58,0
DA:59,0
DA:60,0
DA:61,0
DA:62,0
DA:63,0
DA:64,0
DA:65,0
DA:66,0
DA:67,0
DA:68,0
DA:69,0
DA:70,0
DA:71,0
DA:72,0
DA:73,0
DA:74,0
DA:75,0
LF:75
LH:19
BRF:0
BRH:0
end_of_record
TN:
SF:src/components/shared/utils/helpers/active-symbols.ts
FN:10,isMarketClosed
FN:19,pickDefaultSymbol
FN:27,getFavoriteOpenSymbol
FN:55,getDefaultOpenSymbol
FN:67,findSymbol
FN:81,findFirstSymbol
FN:95,findFirstOpenMarket
FN:110,isSymbolOpen
FN:112,isSymbolOffered
FN:124,getSymbolDisplayName
FNF:10
FNH:0
FNDA:0,isMarketClosed
FNDA:0,pickDefaultSymbol
FNDA:0,getFavoriteOpenSymbol
FNDA:0,getDefaultOpenSymbol
FNDA:0,findSymbol
FNDA:0,findFirstSymbol
FNDA:0,findFirstOpenMarket
FNDA:0,isSymbolOpen
FNDA:0,isSymbolOffered
FNDA:0,getSymbolDisplayName
DA:1,1
DA:2,1
DA:3,1
DA:4,1
DA:5,1
DA:6,1
DA:7,1
DA:8,1
DA:9,1
DA:10,1
DA:11,0
DA:12,0
DA:13,0
DA:14,0
DA:15,0
DA:16,0
DA:17,0
DA:18,1
DA:19,1
DA:20,0
DA:21,0
DA:22,0
DA:23,0
DA:24,0
DA:25,0
DA:26,1
DA:27,1
DA:28,0
DA:29,0
DA:30,0
DA:31,0
DA:32,0
DA:33,0
DA:34,0
DA:35,0
DA:36,0
DA:37,0
DA:38,0
DA:39,0
DA:40,0
DA:41,0
DA:42,0
DA:43,0
DA:44,0
DA:45,0
DA:46,0
DA:47,0
DA:48,0
DA:49,0
DA:50,0
DA:51,0
DA:52,0
DA:53,0
DA:54,1
DA:55,1
DA:56,0
DA:57,0
DA:58,0
DA:59,0
DA:60,0
DA:61,0
DA:62,0
DA:63,0
DA:64,0
DA:65,0
DA:66,1
DA:67,1
DA:68,0
DA:69,0
DA:70,0
DA:71,0
DA:72,0
DA:73,0
DA:74,0
DA:75,0
DA:76,0
DA:77,0
DA:78,0
DA:79,0
DA:80,1
DA:81,1
DA:82,0
DA:83,0
DA:84,0
DA:85,0
DA:86,0
DA:87,0
DA:88,0
DA:89,0
DA:90,0
DA:91,0
DA:92,1
DA:93,1
DA:94,1
DA:95,1
DA:96,0
DA:97,0
DA:98,0
DA:99,0
DA:100,0
DA:101,0
DA:102,0
DA:103,0
DA:104,0
DA:105,0
DA:106,0
DA:107,0
DA:108,0
DA:109,1
DA:110,1
DA:111,1
DA:112,1
DA:113,0
DA:114,0
DA:115,0
DA:116,1
DA:117,1
DA:118,1
DA:119,1
DA:120,1
DA:121,1
DA:122,1
DA:123,1
DA:124,1
DA:125,0
DA:126,0
DA:127,0
DA:128,0
DA:129,0
DA:130,0
DA:131,0
DA:132,0
DA:133,1
LF:133
LH:38
BRF:0
BRH:0
end_of_record
TN:
SF:src/components/shared/utils/helpers/barrier.ts
FN:11,buildBarriersConfig
FN:27,getBarrierPipSize
FNF:2
FNH:0
FNDA:0,buildBarriersConfig
FNDA:0,getBarrierPipSize
DA:1,1
DA:2,1
DA:3,1
DA:4,1
DA:5,1
DA:6,1
DA:7,1
DA:8,1
DA:9,1
DA:10,1
DA:11,1
DA:12,0
DA:13,0
DA:14,0
DA:15,0
DA:16,0
DA:17,0
DA:18,0
DA:19,0
DA:20,0
DA:21,0
DA:22,0
DA:23,0
DA:24,0
DA:25,0
DA:26,1
DA:27,1
DA:28,0
DA:29,0
DA:30,0
LF:30
LH:13
BRF:0
BRH:0
end_of_record
TN:
SF:src/components/shared/utils/helpers/barriers.ts
FN:3,isBarrierSupported
FN:5,barriersToString
FN:10,removeBarrier
FNF:3
FNH:0
FNDA:0,isBarrierSupported
FNDA:0,barriersToString
FNDA:0,removeBarrier
DA:1,1
DA:2,1
DA:3,1
DA:4,1
DA:5,1
DA:6,0
DA:7,0
DA:8,1
DA:9,1
DA:10,1
DA:11,0
DA:12,0
DA:13,0
DA:14,0
DA:15,0
LF:15
LH:8
BRF:0
BRH:0
end_of_record
TN:
SF:src/components/shared/utils/helpers/chart-notifications.tsx
FNF:0
FNH:0
DA:1,1
DA:2,1
DA:3,1
DA:4,1
DA:5,1
DA:6,1
DA:7,1
DA:8,1
LF:8
LH:8
BRF:0
BRH:0
end_of_record
TN:
SF:src/components/shared/utils/helpers/details.ts
FN:12,getDurationUnitValue
FN:40,isEndTime
FN:42,getUnitMap
FN:59,getDurationUnitText
FN:82,formatResetDuration
FN:100,getDurationPeriod
FN:106,getDurationTime
FNF:7
FNH:0
FNDA:0,getDurationUnitValue
FNDA:0,isEndTime
FNDA:0,getUnitMap
FNDA:0,getDurationUnitText
FNDA:0,formatResetDuration
FNDA:0,getDurationPeriod
FNDA:0,getDurationTime
DA:1,1
DA:2,1
DA:3,1
DA:4,1
DA:5,1
DA:6,1
DA:7,1
DA:8,1
DA:9,1
DA:10,1
DA:11,1
DA:12,1
DA:13,0
DA:14,0
DA:15,0
DA:16,0
DA:17,0
DA:18,0
DA:19,0
DA:20,0
DA:21,0
DA:22,0
DA:23,0
DA:24,0
DA:25,0
DA:26,0
DA:27,0
DA:28,0
DA:29,0
DA:30,0
DA:31,0
DA:32,0
DA:33,0
DA:34,0
DA:35,0
DA:36,0
DA:37,0
DA:38,0
DA:39,1
DA:40,1
DA:41,1
DA:42,1
DA:43,0
DA:44,0
DA:45,0
DA:46,0
DA:47,0
DA:48,0
DA:49,0
DA:50,0
DA:51,1
DA:52,1
DA:53,1
DA:54,1
DA:55,1
DA:56,1
DA:57,1
DA:58,1
DA:59,1
DA:60,0
DA:61,0
DA:62,0
DA:63,0
DA:64,0
DA:65,0
DA:66,0
DA:67,0
DA:68,0
DA:69,0
DA:70,0
DA:71,0
DA:72,0
DA:73,0
DA:74,0
DA:75,0
DA:76,0
DA:77,0
DA:78,0
DA:79,0
DA:80,0
DA:81,1
DA:82,1
DA:83,0
DA:84,0
DA:85,0
DA:86,0
DA:87,0
DA:88,0
DA:89,0
DA:90,0
DA:91,0
DA:92,0
DA:93,0
DA:94,0
DA:95,0
DA:96,0
DA:97,0
DA:98,0
DA:99,1
DA:100,1
DA:101,0
DA:102,0
DA:103,0
DA:104,1
DA:105,1
DA:106,1
DA:107,1
LF:107
LH:33
BRF:0
BRH:0
end_of_record
TN:
SF:src/components/shared/utils/helpers/duration.ts
FN:36,getDurationMaps
FN:44,buildDurationConfig
FN:97,convertDurationUnit
FN:114,getDurationFromString
FN:123,getExpiryType
FN:144,convertDurationLimit
FN:163,hasIntradayDurationUnit
FN:173,resetEndTimeOnVolatilityIndices
FN:176,getDurationMinMaxValues
FN:188,formatDisplayedTime
FN:190,formatDurationTime
FNF:11
FNH:0
FNDA:0,getDurationMaps
FNDA:0,buildDurationConfig
FNDA:0,convertDurationUnit
FNDA:0,getDurationFromString
FNDA:0,getExpiryType
FNDA:0,convertDurationLimit
FNDA:0,hasIntradayDurationUnit
FNDA:0,resetEndTimeOnVolatilityIndices
FNDA:0,getDurationMinMaxValues
FNDA:0,formatDisplayedTime
[...]
DA:54,1
DA:55,1
DA:56,1
DA:57,1
DA:58,1
DA:59,1
DA:60,1
DA:61,1
DA:62,1
DA:63,1
DA:64,1
DA:65,1
DA:66,1
DA:67,1
DA:68,1
DA:69,1
DA:70,1
DA:71,1
DA:72,1
DA:73,1
DA:74,1
DA:75,1
DA:76,1
DA:77,1
DA:78,1
DA:79,1
DA:80,1
DA:81,1
DA:82,1
DA:83,1
DA:84,1
DA:85,1
DA:86,1
DA:87,1
DA:88,1
DA:89,1
DA:90,1
DA:91,1
DA:92,1
DA:93,1
DA:94,1
DA:95,1
DA:96,1
DA:97,1
DA:98,1
DA:99,1
DA:100,1
DA:101,1
DA:102,1
DA:103,1
DA:104,1
DA:105,1
DA:106,1
DA:107,1
DA:108,1
DA:109,1
DA:110,1
DA:111,1
DA:112,1
DA:113,1
DA:114,1
DA:115,1
DA:116,1
DA:117,1
DA:118,1
DA:119,1
DA:120,1
DA:121,1
DA:122,1
DA:123,1
DA:124,1
DA:125,1
DA:126,1
DA:127,1
DA:128,1
DA:129,1
DA:130,1
DA:131,1
DA:132,1
DA:133,1
DA:134,1
DA:135,1
DA:136,1
DA:137,1
DA:138,1
DA:139,1
DA:140,1
DA:141,1
DA:142,1
DA:143,1
DA:144,1
DA:145,1
DA:146,1
DA:147,1
DA:148,1
DA:149,1
DA:150,1
DA:151,1
DA:152,1
DA:153,1
DA:154,1
DA:155,1
DA:156,1
DA:157,1
DA:158,1
DA:159,1
DA:160,1
DA:161,1
DA:162,1
DA:163,1
DA:164,1
DA:165,1
DA:166,1
DA:167,1
DA:168,1
DA:169,1
DA:170,1
DA:171,1
DA:172,1
DA:173,1
DA:174,1
DA:175,1
DA:176,1
DA:177,1
DA:178,1
DA:179,1
DA:180,1
DA:181,1
DA:182,1
DA:183,1
DA:184,1
DA:185,1
DA:186,1
DA:187,1
DA:188,1
DA:189,1
DA:190,1
DA:191,1
DA:192,1
DA:193,143
DA:194,143
DA:195,2
DA:196,2
DA:197,141
DA:198,143
DA:199,1
DA:200,2
DA:201,1
DA:202,143
DA:203,140
DA:204,50
DA:205,140
DA:206,140
DA:207,143
DA:208,1
DA:209,1
DA:210,1
DA:211,1
DA:212,16
DA:213,16
DA:214,2
DA:215,2
DA:216,14
DA:217,14
DA:218,14
DA:219,14
DA:220,16
DA:221,147
DA:222,8
DA:223,8
DA:224,147
DA:225,6
DA:226,6
DA:227,6
DA:228,16
DA:229,111
DA:230,1
DA:231,1
DA:232,111
DA:233,5
DA:234,5
DA:235,5
DA:236,1
DA:237,1
DA:238,1
DA:239,1
DA:240,424
DA:241,424
DA:242,0
DA:243,0
DA:244,424
DA:245,424
DA:246,424
DA:247,424
DA:248,424
DA:249,33072
DA:250,33072
DA:251,33072
DA:252,424
DA:253,424
DA:254,424
DA:255,424
DA:256,424
DA:257,424
DA:258,424
DA:259,424
DA:260,424
DA:261,424
DA:262,424
DA:263,424
DA:264,424
DA:265,1
DA:266,1
DA:267,1
DA:268,1
DA:269,149
DA:270,149
DA:271,0
DA:272,0
DA:273,149
DA:274,149
DA:275,149
DA:276,149
DA:277,281
DA:278,281
DA:279,281
DA:280,281
DA:281,281
DA:282,281
DA:283,281
DA:284,281
DA:285,281
DA:286,281
DA:287,281
DA:288,281
DA:289,281
DA:290,281
DA:291,281
DA:292,281
DA:293,281
DA:294,281
DA:295,281
DA:296,281
DA:297,281
DA:298,281
DA:299,281
DA:300,281
DA:301,281
DA:302,281
DA:303,281
DA:304,281
DA:305,281
DA:306,281
DA:307,281
DA:308,281
DA:309,281
DA:310,281
DA:311,281
DA:312,281
DA:313,281
DA:314,281
DA:315,281
DA:316,281
DA:317,281
DA:318,281
DA:319,281
DA:320,281
DA:321,281
DA:322,281
DA:323,281
DA:324,281
DA:325,281
DA:326,149
DA:327,149
DA:328,281
DA:329,149
DA:330,149
DA:331,149
DA:332,1
DA:333,1
DA:334,1
DA:335,1
DA:336,141
DA:337,141
DA:338,4
DA:339,4
DA:340,137
DA:341,137
DA:342,137
DA:343,137
DA:344,137
DA:345,141
DA:346,4
DA:347,4
DA:348,137
DA:349,137
DA:350,137
DA:351,137
DA:352,137
DA:353,137
DA:354,137
DA:355,137
DA:356,137
DA:357,137
DA:358,137
DA:359,137
DA:360,137
DA:361,137
DA:362,1
DA:363,1
DA:364,1
DA:365,1
DA:366,4
DA:367,4
DA:368,0
DA:369,0
DA:370,4
DA:371,4
DA:372,4
DA:373,4
DA:374,4
DA:375,4
DA:376,0
DA:377,0
DA:378,4
DA:379,4
DA:380,4
DA:381,4
DA:382,4
DA:383,4
DA:384,4
DA:385,4
DA:386,4
DA:387,4
DA:388,4
DA:389,4
DA:390,4
DA:391,4
DA:392,4
DA:393,4
DA:394,4
DA:395,4
DA:396,4
DA:397,4
DA:398,4
DA:399,4
DA:400,4
DA:401,4
DA:402,4
DA:403,4
DA:404,4
DA:405,0
DA:406,0
DA:407,0
DA:408,0
DA:409,4
DA:410,4
DA:411,4
DA:412,1
DA:413,1
DA:414,1
DA:415,1
DA:416,11
DA:417,11
DA:418,11
DA:419,11
DA:420,11
DA:421,11
DA:422,1
DA:423,1
DA:424,1
DA:425,1
DA:426,5
DA:427,5
DA:428,0
DA:429,0
DA:430,5
DA:431,5
DA:432,5
DA:433,5
DA:434,5
DA:435,5
DA:436,3
DA:437,3
DA:438,2
DA:439,2
DA:440,2
DA:441,2
DA:442,2
DA:443,2
DA:444,2
DA:445,1
DA:446,1
DA:447,2
DA:448,2
DA:449,2
DA:450,5
DA:451,1
DA:452,1
DA:453,1
DA:454,2
DA:455,2
DA:456,2
DA:457,1
DA:458,1
DA:459,1
DA:460,1
DA:461,4
DA:462,4
DA:463,4
DA:464,4
DA:465,4
DA:466,4
DA:467,4
DA:468,1
DA:469,4
DA:470,1
DA:471,4
DA:472,4
DA:473,2
DA:474,4
DA:475,4
DA:476,1
DA:477,1
DA:478,1
DA:479,1
DA:480,3
DA:481,3
DA:482,3
DA:483,3
DA:484,3
DA:485,3
DA:486,3
DA:487,3
DA:488,3
DA:489,3
DA:490,3
DA:491,3
DA:492,3
DA:493,3
DA:494,3
DA:495,3
DA:496,3
DA:497,3
DA:498,3
DA:499,1
DA:500,1
DA:501,1
DA:502,1
DA:503,1
LF:503
LH:489
BRDA:193,0,0,143
BRDA:194,1,0,2
BRDA:197,2,0,141
BRDA:198,3,0,1
BRDA:202,4,0,140
BRDA:199,5,0,2
BRDA:200,6,0,0
BRDA:203,7,0,50
BRDA:204,8,0,0
BRDA:212,9,0,16
BRDA:213,10,0,2
BRDA:216,11,0,14
BRDA:220,12,0,147
BRDA:221,13,0,8
BRDA:225,14,0,6
BRDA:228,15,0,111
BRDA:229,16,0,1
BRDA:233,17,0,5
BRDA:240,18,0,424
BRDA:241,19,0,0
BRDA:248,20,0,33072
BRDA:269,21,0,149
BRDA:270,22,0,0
BRDA:276,23,0,281
BRDA:325,24,0,149
BRDA:336,25,0,141
BRDA:337,26,0,139
BRDA:337,27,0,4
BRDA:340,28,0,137
BRDA:345,29,0,4
BRDA:348,30,0,137
BRDA:366,31,0,4
BRDA:367,32,0,0
BRDA:375,33,0,0
BRDA:386,34,0,0
BRDA:387,35,0,0
BRDA:392,36,0,0
BRDA:404,37,0,0
BRDA:416,38,0,11
BRDA:426,39,0,5
BRDA:427,40,0,0
BRDA:435,41,0,3
BRDA:438,42,0,2
BRDA:450,43,0,1
BRDA:454,44,0,2
BRDA:444,45,0,1
BRDA:461,46,0,4
BRDA:467,47,0,1
BRDA:469,48,0,1
BRDA:471,49,0,2
BRDA:472,50,0,2
BRDA:480,51,0,3
BRDA:497,52,0,2
BRDA:497,53,0,1
BRDA:494,54,0,10
BRDA:495,55,0,17
BRF:56
BRH:45
end_of_record
TN:
SF:src/utils/help-content/help-content.config.ts
FN:11,help_content_config
FNF:1
FNH:0
FNDA:0,help_content_config
DA:1,1
DA:2,1
DA:3,1
DA:4,1
DA:5,1
DA:6,1
DA:7,1
DA:8,1
DA:9,1
DA:10,1
DA:11,1
DA:12,0
DA:13,0
DA:14,0
DA:15,0
DA:16,0
DA:17,0
DA:18,0
DA:19,0
DA:20,0
DA:21,0
DA:22,0
DA:23,0
DA:24,0
DA:25,0
DA:26,0
DA:27,0
DA:28,0
DA:29,0
DA:30,0
DA:31,0
DA:32,0
DA:33,0
DA:34,0
DA:35,0
DA:36,0
DA:37,0
DA:38,0
DA:39,0
DA:40,0
DA:41,0
DA:42,0
DA:43,0
DA:44,0
DA:45,0
DA:46,0
DA:47,0
DA:48,0
DA:49,0
DA:50,0
DA:51,0
DA:52,0
DA:53,0
DA:54,0
DA:55,0
DA:56,0
DA:57,0
DA:58,0
DA:59,0
DA:60,0
DA:61,0
DA:62,0
DA:63,0
DA:64,0
DA:65,0
DA:66,0
DA:67,0
DA:68,0
DA:69,0
DA:70,0
DA:71,0
DA:72,0
DA:73,0
DA:74,0
DA:75,0
DA:76,0
DA:77,0
DA:78,0
DA:79,0
DA:80,0
DA:81,0
DA:82,0
DA:83,0
DA:84,0
DA:85,0
DA:86,0
DA:87,0
DA:88,0
DA:89,0
DA:90,0
DA:91,0
DA:92,0
DA:93,0
DA:94,0
DA:95,0
DA:96,0
DA:97,0
DA:98,0
DA:99,0
DA:100,0
DA:101,0
DA:102,0
DA:103,0
DA:104,0
DA:105,0
DA:106,0
DA:107,0
DA:108,0
DA:109,0
DA:110,0
DA:111,0
DA:112,0
DA:113,0
DA:114,0
DA:115,0
DA:116,0
DA:117,0
DA:118,0
DA:119,0
DA:120,0
DA:121,0
DA:122,0
DA:123,0
DA:124,0
DA:125,0
DA:126,0
DA:127,0
DA:128,0
DA:129,0
DA:130,0
DA:131,0
DA:132,0
DA:133,0
DA:134,0
DA:135,0
DA:136,0
DA:137,0
DA:138,0
DA:139,0
DA:140,0
DA:141,0
DA:142,0
DA:143,0
DA:144,0
DA:145,0
DA:146,0
DA:147,0
DA:148,0
DA:149,0
DA:150,0
DA:151,0
DA:152,0
DA:153,0
DA:154,0
DA:155,0
DA:156,0
DA:157,0
DA:158,0
DA:159,0
DA:160,0
DA:161,0
DA:162,0
DA:163,0
DA:164,0
DA:165,0
DA:166,0
DA:167,0
DA:168,0
DA:169,0
DA:170,0
DA:171,0
DA:172,0
DA:173,0
DA:174,0
DA:175,0
DA:176,0
DA:177,0
DA:178,0
DA:179,0
DA:180,0
DA:181,0
DA:182,0
DA:183,0
DA:184,0
DA:185,0
DA:186,0
DA:187,0
DA:188,0
DA:189,0
DA:190,0
DA:191,0
DA:192,0
DA:193,0
DA:194,0
DA:195,0
DA:196,0
DA:197,0
DA:198,0
DA:199,0
DA:200,0
DA:201,0
DA:202,0
DA:203,0
DA:204,0
DA:205,0
DA:206,0
DA:207,0
DA:208,0
DA:209,0
DA:210,0
DA:211,0
DA:212,0
DA:213,0
DA:214,0
DA:215,0
DA:216,0
DA:217,0
DA:218,0
DA:219,0
DA:220,0
DA:221,0
DA:222,0
DA:223,0
DA:224,0
DA:225,0
DA:226,0
DA:227,0
DA:228,0
DA:229,0
DA:230,0
DA:231,0
DA:232,0
DA:233,0
DA:234,0
DA:235,0
DA:236,0
DA:237,0
DA:238,0
DA:239,0
DA:240,0
DA:241,0
DA:242,0
DA:243,0
DA:244,0
DA:245,0
DA:246,0
DA:247,0
DA:248,0
DA:249,0
DA:250,0
DA:251,0
DA:252,0
DA:253,0
DA:254,0
DA:255,0
DA:256,0
DA:257,0
DA:258,0
DA:259,0
DA:260,0
DA:261,0
DA:262,0
DA:263,0
DA:264,0
DA:265,0
DA:266,0
DA:267,0
DA:268,0
DA:269,0
DA:270,0
DA:271,0
DA:272,0
DA:273,0
DA:274,0
DA:275,0
DA:276,0
DA:277,0
DA:278,0
DA:279,0
DA:280,0
DA:281,0
DA:282,0
DA:283,0
DA:284,0
DA:285,0
DA:286,0
DA:287,0
DA:288,0
DA:289,0
DA:290,0
DA:291,0
DA:292,0
DA:293,0
DA:294,0
DA:295,0
DA:296,0
DA:297,0
DA:298,0
DA:299,0
DA:300,0
DA:301,0
DA:302,0
DA:303,0
DA:304,0
DA:305,0
DA:306,0
DA:307,0
DA:308,0
DA:309,0
DA:310,0
DA:311,0
DA:312,0
DA:313,0
DA:314,0
DA:315,0
DA:316,0
DA:317,0
DA:318,0
DA:319,0
DA:320,0
DA:321,0
DA:322,0
DA:323,0
DA:324,0
DA:325,0
DA:326,0
DA:327,0
DA:328,0
DA:329,0
DA:330,0
DA:331,0
DA:332,0
DA:333,0
DA:334,0
DA:335,0
DA:336,0
DA:337,0
DA:338,0
DA:339,0
LF:339
LH:11
BRF:0
BRH:0
end_of_record
TN:
SF:src/utils/help-content/help-strings/after_purchase.ts
FN:4,text
FNF:1
FNH:0
FNDA:0,text
DA:1,1
DA:2,1
DA:3,1
DA:4,1
DA:5,0
DA:6,0
DA:7,0
DA:8,0
DA:9,0
DA:10,0
DA:11,0
DA:12,1
LF:12
LH:5
BRF:0
BRH:0
end_of_record
TN:
SF:src/utils/help-content/help-strings/balance.ts
FN:4,text
FNF:1
FNH:0
FNDA:0,text
DA:1,1
DA:2,1
DA:3,1
DA:4,1
DA:5,0
DA:6,0
DA:7,0
DA:8,0
DA:9,0
DA:10,0
DA:11,0
DA:12,0
DA:13,1
LF:13
LH:5
BRF:0
BRH:0
end_of_record
TN:
SF:src/utils/help-content/help-strings/before_purchase.ts
FN:4,text
FNF:1
FNH:0
FNDA:0,text
DA:1,1
DA:2,1
DA:3,1
DA:4,1
DA:5,0
DA:6,0
DA:7,0
DA:8,0
DA:9,0
DA:10,0
DA:11,0
DA:12,1
LF:12
LH:5
BRF:0
BRH:0
end_of_record
TN:
SF:src/utils/help-content/help-strings/check_direction.ts
FN:4,text
FNF:1
FNH:0
FNDA:0,text
DA:1,1
DA:2,1
DA:3,1
DA:4,1
DA:5,0
DA:6,0
DA:7,0
DA:8,0
DA:9,0
DA:10,0
DA:11,0
DA:12,0
DA:13,0
DA:14,0
DA:15,0
DA:16,1
LF:16
LH:5
BRF:0
BRH:0
end_of_record
TN:
SF:src/utils/help-content/help-strings/console.ts
FN:4,text
FNF:1
FNH:0
FNDA:0,text
DA:1,1
DA:2,1
DA:3,1
DA:4,1
DA:5,0
DA:6,0
DA:7,0
DA:8,0
DA:9,0
DA:10,0
DA:11,0
DA:12,0
DA:13,0
DA:14,1
LF:14
LH:5
BRF:0
BRH:0
end_of_record
TN:
SF:src/utils/help-content/help-strings/contract_check_result.ts
FN:4,text
FNF:1
FNH:0
FNDA:0,text
DA:1,1
DA:2,1
DA:3,1
DA:4,1
DA:5,0
DA:6,0
DA:7,0
DA:8,0
DA:9,0
DA:10,0
DA:11,0
DA:12,0
DA:13,0
DA:14,0
DA:15,0
DA:16,1
LF:16
LH:5
BRF:0
BRH:0
end_of_record
TN:
SF:src/utils/help-content/help-strings/controls_flow_statements.ts
FN:4,text
FNF:1
FNH:0
FNDA:0,text
DA:1,1
DA:2,1
DA:3,1
DA:4,1
DA:5,0
DA:6,0
DA:7,0
DA:8,0
DA:9,0
DA:10,0
DA:11,0
DA:12,0
DA:13,0
DA:14,0
DA:15,0
DA:16,1
LF:16
LH:5
BRF:0
BRH:0
end_of_record
TN:
SF:src/utils/help-content/help-strings/controls_for.ts
FN:4,text
FNF:1
FNH:0
FNDA:0,text
DA:1,1
DA:2,1
DA:3,1
DA:4,1
DA:5,0
DA:6,0
DA:7,0
DA:8,0
DA:9,0
DA:10,0
DA:11,0
DA:12,0
DA:13,0
DA:14,1
LF:14
LH:5
BRF:0
BRH:0
end_of_record
TN:
SF:src/utils/help-content/help-strings/controls_forEach.ts
FN:4,text
FNF:1
FNH:0
FNDA:0,text
DA:1,1
DA:2,1
DA:3,1
DA:4,1
DA:5,0
DA:6,0
DA:7,0
DA:8,0
DA:9,0
DA:10,0
DA:11,0
DA:12,0
DA:13,0
DA:14,1
LF:14
LH:5
BRF:0
BRH:0
end_of_record
TN:
SF:src/utils/help-content/help-strings/controls_if.ts
FN:4,text
FNF:1
FNH:0
FNDA:0,text
DA:1,1
DA:2,1
DA:3,1
DA:4,1
DA:5,0
DA:6,0
DA:7,0
DA:8,0
DA:9,1
LF:9
LH:5
BRF:0
BRH:0
end_of_record
TN:
SF:src/utils/help-content/help-strings/controls_whileUntil.ts
FN:4,text
FNF:1
FNH:0
FNDA:0,text
DA:1,1
DA:2,1
DA:3,1
DA:4,1
DA:5,0
DA:6,0
DA:7,0
DA:8,0
DA:9,0
DA:10,0
DA:11,0
DA:12,0
DA:13,0
DA:14,1
LF:14
LH:5
BRF:0
BRH:0
end_of_record
TN:
SF:src/utils/help-content/help-strings/during_purchase.ts
FN:4,text
FNF:1
FNH:0
FNDA:0,text
DA:1,1
DA:2,1
DA:3,1
DA:4,1
DA:5,0
DA:6,0
DA:7,0
DA:8,0
DA:9,0
DA:10,1
LF:10
LH:5
BRF:0
BRH:0
end_of_record
TN:
SF:src/utils/help-content/help-strings/epoch.ts
FN:4,text
FNF:1
FNH:0
FNDA:0,text
DA:1,1
DA:2,1
DA:3,1
DA:4,1
DA:5,0
DA:6,0
DA:7,0
DA:8,0
DA:9,0
DA:10,0
DA:11,1
LF:11
LH:5
BRF:0
BRH:0
end_of_record
TN:
SF:src/utils/help-content/help-strings/get_ohlc.ts
FN:4,text
FNF:1
FNH:0
FNDA:0,text
DA:1,1
DA:2,1
DA:3,1
DA:4,1
DA:5,0
DA:6,0
DA:7,0
DA:8,0
DA:9,0
DA:10,0
DA:11,1
LF:11
LH:5
BRF:0
BRH:0
end_of_record
TN:
SF:src/utils/help-content/help-strings/index.ts
FN:1,get
FN:2,get
FN:3,get
FN:4,get
FN:5,get
FN:6,get
FN:7,get
FN:8,get
FN:9,get
FN:10,get
FN:11,get
FN:12,get
FN:13,get
FN:14,get
FN:15,get
FN:16,get
FN:17,get
FN:18,get
FN:19,get
FN:20,get
FN:21,get
FN:22,get
FN:23,get
FN:24,get
FN:25,get
FN:26,get
FN:27,get
FN:28,get
FN:29,get
FN:30,get
FN:31,get
FN:32,get
FN:33,get
FN:34,get
FN:35,get
FN:36,get
FN:37,get
FN:38,get
FN:39,get
FN:40,get
FN:41,get
FNF:41
FNH:0
FNDA:0,get
FNDA:0,get
FNDA:0,get
FNDA:0,get
FNDA:0,get
FNDA:0,get
FNDA:0,get
FNDA:0,get
FNDA:0,get
FNDA:0,get
FNDA:0,get
FNDA:0,get
FNDA:0,get
FNDA:0,get
FNDA:0,get
FNDA:0,get
FNDA:0,get
FNDA:0,get
FNDA:0,get
FNDA:0,get
FNDA:0,get
FNDA:0,get
FNDA:0,get
FNDA:0,get
FNDA:0,get
FNDA:0,get
FNDA:0,get
FNDA:0,get
FNDA:0,get
FNDA:0,get
FNDA:0,get
FNDA:0,get
FNDA:0,get
FNDA:0,get
FNDA:0,get
FNDA:0,get
FNDA:0,get
FNDA:0,get
FNDA:0,get
FNDA:0,get
FNDA:0,get
DA:1,1
DA:2,1
DA:3,1
DA:4,1
DA:5,1
DA:6,1
DA:7,1
DA:8,1
DA:9,1
DA:10,1
DA:11,1
DA:12,1
DA:13,1
DA:14,1
DA:15,1
DA:16,1
DA:17,1
DA:18,1
DA:19,1
DA:20,1
DA:21,1
DA:22,1
DA:23,1
DA:24,1
DA:25,1
DA:26,1
DA:27,1
DA:28,1
DA:29,1
DA:30,1
DA:31,1
DA:32,1
DA:33,1
DA:34,1
DA:35,1
DA:36,1
DA:37,1
DA:38,1
DA:39,1
DA:40,1
DA:41,1
LF:41
LH:41
BRF:0
BRH:0
end_of_record
TN:
SF:src/utils/help-content/help-strings/is_candle_black.ts
FN:4,text
FNF:1
FNH:0
FNDA:0,text
DA:1,1
DA:2,1
DA:3,1
DA:4,1
DA:5,0
DA:6,0
DA:7,0
DA:8,0
DA:9,0
DA:10,0
DA:11,0
DA:12,0
DA:13,0
DA:14,0
DA:15,0
DA:16,0
DA:17,0
DA:18,0
DA:19,0
DA:20,0
DA:21,0
DA:22,0
DA:23,0
DA:24,1
LF:24
LH:5
BRF:0
BRH:0
end_of_record
TN:
SF:src/utils/help-content/help-strings/last_digit.ts
FN:4,text
FNF:1
FNH:0
FNDA:0,text
DA:1,1
DA:2,1
DA:3,1
DA:4,1
DA:5,0
DA:6,0
DA:7,0
DA:8,0
DA:9,1
LF:9
LH:5
BRF:0
BRH:0
end_of_record
TN:
SF:src/utils/help-content/help-strings/logic_operation.ts
FN:4,text
FNF:1
FNH:0
FNDA:0,text
DA:1,1
DA:2,1
DA:3,1
DA:4,1
DA:5,0
DA:6,0
DA:7,0
DA:8,0
DA:9,0
DA:10,0
DA:11,0
DA:12,0
DA:13,1
LF:13
LH:5
BRF:0
BRH:0
end_of_record
TN:
SF:src/utils/help-content/help-strings/math_arithmetic.ts
FN:4,text
FNF:1
FNH:0
FNDA:0,text
DA:1,1
DA:2,1
DA:3,1
DA:4,1
DA:5,0
DA:6,0
DA:7,0
DA:8,0
DA:9,0
DA:10,0
DA:11,0
DA:12,0
DA:13,1
LF:13
LH:5
BRF:0
BRH:0
end_of_record
TN:
SF:src/utils/help-content/help-strings/math_constrain.ts
FN:4,text
FNF:1
FNH:0
FNDA:0,text
DA:1,1
DA:2,1
DA:3,1
DA:4,1
DA:5,0
DA:6,0
DA:7,0
DA:8,0
DA:9,0
DA:10,0
DA:11,0
DA:12,0
DA:13,1
LF:13
LH:5
BRF:0
BRH:0
end_of_record
TN:
SF:src/utils/help-content/help-strings/math_single.ts
FN:4,text
FNF:1
FNH:0
FNDA:0,text
DA:1,1
DA:2,1
DA:3,1
DA:4,1
DA:5,0
DA:6,0
DA:7,0
DA:8,0
DA:9,0
DA:10,0
DA:11,0
DA:12,0
DA:13,0
DA:14,1
LF:14
LH:5
BRF:0
BRH:0
end_of_record
TN:
SF:src/utils/help-content/help-strings/notify_telegram.ts
FN:4,text
FNF:1
FNH:0
FNDA:0,text
DA:1,1
DA:2,1
DA:3,1
DA:4,1
DA:5,0
DA:6,0
DA:7,0
DA:8,0
DA:9,0
DA:10,0
DA:11,0
DA:12,0
DA:13,0
DA:14,0
DA:15,0
DA:16,0
DA:17,0
DA:18,0
DA:19,0
DA:20,0
DA:21,0
DA:22,0
DA:23,0
DA:24,0
DA:25,0
DA:26,1
LF:26
LH:5
BRF:0
BRH:0
end_of_record
TN:
SF:src/utils/help-content/help-strings/ohlc.ts
FN:4,text
FNF:1
FNH:0
FNDA:0,text
DA:1,1
DA:2,1
DA:3,1
DA:4,1
DA:5,0
DA:6,0
DA:7,0
DA:8,0
DA:9,0
DA:10,1
LF:10
LH:5
BRF:0
BRH:0
end_of_record
TN:
SF:src/utils/help-content/help-strings/ohlc_values.ts
FN:4,text
FNF:1
FNH:0
FNDA:0,text
DA:1,1
DA:2,1
DA:3,1
DA:4,1
DA:5,0
DA:6,0
DA:7,0
DA:8,0
DA:9,0
DA:10,0
DA:11,0
DA:12,1
LF:12
LH:5
BRF:0
BRH:0
end_of_record
TN:
SF:src/utils/help-content/help-strings/ohlc_values_in_list.ts
FN:4,text
FNF:1
FNH:0
FNDA:0,text
DA:1,1
DA:2,1
DA:3,1
DA:4,1
DA:5,0
DA:6,0
DA:7,0
DA:8,0
DA:9,0
DA:10,0
DA:11,1
LF:11
LH:5
BRF:0
BRH:0
end_of_record
TN:
SF:src/utils/help-content/help-strings/procedures_ifreturn.ts
FN:4,text
FNF:1
FNH:0
FNDA:0,text
DA:1,1
DA:2,1
DA:3,1
DA:4,1
DA:5,0
DA:6,0
DA:7,0
DA:8,1
LF:8
LH:5
BRF:0
BRH:0
end_of_record
TN:
SF:src/utils/help-content/help-strings/read_details.ts
FN:4,text
FNF:1
FNH:0
FNDA:0,text
DA:1,1
DA:2,1
DA:3,1
DA:4,1
DA:5,0
DA:6,0
DA:7,0
DA:8,0
DA:9,0
DA:10,0
DA:11,0
DA:12,0
DA:13,0
DA:14,0
DA:15,0
DA:16,0
DA:17,0
DA:18,0
DA:19,0
DA:20,0
DA:21,1
LF:21
LH:5
BRF:0
BRH:0
end_of_record
TN:
SF:src/utils/help-content/help-strings/read_ohlc.ts
FN:4,text
FNF:1
FNH:0
FNDA:0,text
DA:1,1
DA:2,1
DA:3,1
DA:4,1
DA:5,0
DA:6,0
DA:7,0
DA:8,0
DA:9,0
DA:10,0
DA:11,0
DA:12,0
DA:13,0
DA:14,0
DA:15,0
DA:16,0
DA:17,1
LF:17
LH:5
BRF:0
BRH:0
end_of_record
TN:
SF:src/utils/help-content/help-strings/read_ohlc_obj.ts
FN:4,text
FNF:1
FNH:0
FNDA:0,text
DA:1,1
DA:2,1
DA:3,1
DA:4,1
DA:5,0
DA:6,0
DA:7,0
DA:8,0
DA:9,0
DA:10,1
LF:10
LH:5
BRF:0
BRH:0
end_of_record
TN:
SF:src/utils/help-content/help-strings/sell_at_market.ts
FN:4,text
FNF:1
FNH:0
FNDA:0,text
DA:1,1
DA:2,1
DA:3,1
DA:4,1
DA:5,0
DA:6,0
DA:7,0
DA:8,0
DA:9,0
DA:10,1
LF:10
LH:5
BRF:0
BRH:0
end_of_record
TN:
SF:src/utils/help-content/help-strings/sell_price.ts
FN:4,text
FNF:1
FNH:0
FNDA:0,text
DA:1,1
DA:2,1
DA:3,1
DA:4,1
DA:5,0
DA:6,0
DA:7,0
DA:8,0
DA:9,0
DA:10,0
DA:11,0
DA:12,1
LF:12
LH:5
BRF:0
BRH:0
end_of_record
TN:
SF:src/utils/help-content/help-strings/sma_statement.ts
FN:4,text
FNF:1
FNH:0
FNDA:0,text
DA:1,1
DA:2,1
DA:3,1
DA:4,1
DA:5,0
DA:6,0
DA:7,0
DA:8,0
DA:9,0
DA:10,0
DA:11,0
DA:12,0
DA:13,0
DA:14,0
DA:15,0
DA:16,0
DA:17,0
DA:18,0
DA:19,0
DA:20,0
DA:21,0
DA:22,0
DA:23,0
DA:24,0
DA:25,0
DA:26,0
DA:27,0
DA:28,0
DA:29,0
DA:30,0
DA:31,0
DA:32,0
DA:33,0
DA:34,0
DA:35,0
DA:36,0
DA:37,1
LF:37
LH:5
BRF:0
BRH:0
end_of_record
TN:
SF:src/utils/help-content/help-strings/text_print.ts
FN:4,text
FNF:1
FNH:0
FNDA:0,text
DA:1,1
DA:2,1
DA:3,1
DA:4,1
DA:5,0
DA:6,0
DA:7,0
DA:8,0
DA:9,1
LF:9
LH:5
BRF:0
BRH:0
end_of_record
TN:
SF:src/utils/help-content/help-strings/text_prompt_ext.ts
FN:4,text
FNF:1
FNH:0
FNDA:0,text
DA:1,1
DA:2,1
DA:3,1
DA:4,1
DA:5,0
DA:6,0
DA:7,0
DA:8,0
DA:9,1
LF:9
LH:5
BRF:0
BRH:0
end_of_record
TN:
SF:src/utils/help-content/help-strings/tick_analysis.ts
FN:4,text
FNF:1
FNH:0
FNDA:0,text
DA:1,1
DA:2,1
DA:3,1
DA:4,1
DA:5,0
DA:6,0
DA:7,0
DA:8,0
DA:9,1
LF:9
LH:5
BRF:0
BRH:0
end_of_record
TN:
SF:src/utils/help-content/help-strings/todatetime.ts
FN:4,text
FNF:1
FNH:0
FNDA:0,text
DA:1,1
DA:2,1
DA:3,1
DA:4,1
DA:5,0
DA:6,0
DA:7,0
DA:8,0
DA:9,0
DA:10,0
DA:11,1
LF:11
LH:5
BRF:0
BRH:0
end_of_record
TN:
SF:src/utils/help-content/help-strings/totimestamp.ts
FN:4,text
FNF:1
FNH:0
FNDA:0,text
DA:1,1
DA:2,1
DA:3,1
DA:4,1
DA:5,0
DA:6,0
DA:7,0
DA:8,0
DA:9,0
DA:10,0
DA:11,1
LF:11
LH:5
BRF:0
BRH:0
end_of_record
TN:
SF:src/utils/help-content/help-strings/trade_again.ts
FN:4,text
FNF:1
FNH:0
FNDA:0,text
DA:1,1
DA:2,1
DA:3,1
DA:4,1
DA:5,0
DA:6,0
DA:7,0
DA:8,0
DA:9,0
DA:10,1
LF:10
LH:5
BRF:0
BRH:0
end_of_record
TN:
SF:src/utils/help-content/help-strings/trade_definition.ts
FN:4,text
FNF:1
FNH:0
FNDA:0,text
DA:1,1
DA:2,1
DA:3,1
DA:4,1
DA:5,0
DA:6,0
DA:7,0
DA:8,0
DA:9,0
DA:10,0
DA:11,0
DA:12,0
DA:13,0
DA:14,0
DA:15,0
DA:16,0
DA:17,0
DA:18,0
DA:19,0
DA:20,0
DA:21,0
DA:22,0
DA:23,0
DA:24,0
DA:25,0
DA:26,0
DA:27,1
LF:27
LH:5
BRF:0
BRH:0
end_of_record
TN:
SF:src/utils/help-content/help-strings/trade_definition_multiplier.tsx
FN:5,text
FNF:1
FNH:0
FNDA:0,text
DA:1,1
DA:2,1
DA:3,1
DA:4,1
DA:5,1
DA:6,0
DA:7,0
DA:8,0
DA:9,0
DA:10,0
DA:11,0
DA:12,0
DA:13,0
DA:14,0
DA:15,1
LF:15
LH:6
BRF:0
BRH:0
end_of_record
TN:
SF:src/utils/help-content/help-strings/trade_definition_tradeoptions.ts
FN:4,text
FNF:1
FNH:0
FNDA:0,text
DA:1,1
DA:2,1
DA:3,1
DA:4,1
DA:5,0
DA:6,0
DA:7,0
DA:8,0
DA:9,0
DA:10,1
LF:10
LH:5
BRF:0
BRH:0
end_of_record
TN:
SF:src/utils/help-content/help-strings/variables_set.ts
FN:4,text
FNF:1
FNH:0
FNDA:0,text
DA:1,1
DA:2,1
DA:3,1
DA:4,1
DA:5,0
DA:6,0
DA:7,0
DA:8,0
DA:9,0
DA:10,0
DA:11,0
DA:12,0
DA:13,1
LF:13
LH:5
BRF:0
BRH:0
end_of_record
TN:
SF:src/utils/mock/index.ts
FN:1,get
FNF:1
FNH:1
FNDA:2,get
DA:1,1
LF:1
LH:1
BRDA:1,0,0,2
BRF:1
BRH:1
end_of_record
TN:
SF:src/utils/mock/ws-mock.ts
FNF:0
FNH:0
DA:1,1
DA:2,1
DA:3,1
DA:4,1
DA:5,1
DA:6,1
DA:7,1
DA:8,1
DA:9,1
DA:10,1
DA:11,1
DA:12,0
DA:13,0
DA:14,0
DA:15,0
DA:16,0
DA:17,0
DA:18,0
DA:19,0
DA:20,0
DA:21,0
DA:22,0
DA:23,0
DA:24,1
DA:25,1
DA:26,1
DA:27,1
DA:28,1
DA:29,1
LF:29
LH:17
BRF:0
BRH:0
end_of_record
TN:
SF:src/utils/tmp/dummy.tsx
FN:14,IconComponent
FN:29,IconTradeTypes
FNF:2
FNH:0
FNDA:0,IconComponent
FNDA:0,IconTradeTypes
DA:1,1
DA:2,1
DA:3,1
DA:4,1
DA:5,1
DA:6,1
DA:7,1
DA:8,1
DA:9,1
DA:10,1
DA:11,1
DA:12,1
DA:13,1
DA:14,1
DA:15,0
DA:16,0
DA:17,0
DA:18,0
DA:19,0
DA:20,0
DA:21,0
DA:22,0
DA:23,0
DA:24,0
DA:25,0
DA:26,1
DA:27,1
DA:28,1
DA:29,1
DA:30,0
DA:31,0
DA:32,0
LF:32
LH:18
BRF:0
BRH:0
end_of_record
